\BOOKMARK [1][-]{section.1}{\376\377\000I\000n\000t\000r\000o\000d\000u\000c\000t\000i\000o\000n}{}% 1
\BOOKMARK [2][-]{subsection.1.1}{\376\377\000M\000o\000t\000i\000v\000a\000t\000i\000o\000n\000:\000\040\000U\000n\000i\000f\000y\000i\000n\000g\000\040\000P\000o\000s\000i\000t\000i\000o\000n\000\040\000a\000n\000d\000\040\000A\000t\000m\000o\000s\000p\000h\000e\000r\000e}{section.1}% 2
\BOOKMARK [2][-]{subsection.1.2}{\376\377\000T\000h\000e\000o\000r\000e\000t\000i\000c\000a\000l\000\040\000F\000o\000u\000n\000d\000a\000t\000i\000o\000n}{section.1}% 3
\BOOKMARK [2][-]{subsection.1.3}{\376\377\000K\000e\000y\000\040\000I\000n\000n\000o\000v\000a\000t\000i\000o\000n\000s}{section.1}% 4
\BOOKMARK [2][-]{subsection.1.4}{\376\377\000P\000a\000p\000e\000r\000\040\000S\000t\000r\000u\000c\000t\000u\000r\000e}{section.1}% 5
\BOOKMARK [1][-]{section.2}{\376\377\000V\000i\000r\000t\000u\000a\000l\000\040\000S\000a\000t\000e\000l\000l\000i\000t\000e\000\040\000C\000o\000n\000s\000t\000e\000l\000l\000a\000t\000i\000o\000n\000\040\000f\000r\000o\000m\000\040\000P\000a\000r\000t\000i\000t\000i\000o\000n\000\040\000S\000t\000r\000u\000c\000t\000u\000r\000e}{}% 6
\BOOKMARK [2][-]{subsection.2.1}{\376\377\000E\000a\000r\000t\000h\000\040\000a\000s\000\040\000P\000a\000r\000t\000i\000t\000i\000o\000n\000\040\000G\000e\000o\000m\000e\000t\000r\000y}{section.2}% 7
\BOOKMARK [2][-]{subsection.2.2}{\376\377\000O\000r\000b\000i\000t\000a\000l\000\040\000M\000e\000c\000h\000a\000n\000i\000c\000s\000\040\000a\000s\000\040\000P\000h\000a\000s\000e\000-\000L\000o\000c\000k\000\040\000E\000q\000u\000i\000l\000i\000b\000r\000i\000u\000m}{section.2}% 8
\BOOKMARK [2][-]{subsection.2.3}{\376\377\000C\000o\000n\000s\000t\000e\000l\000l\000a\000t\000i\000o\000n\000\040\000G\000e\000o\000m\000e\000t\000r\000y\000\040\000f\000r\000o\000m\000\040\000P\000a\000r\000t\000i\000t\000i\000o\000n\000\040\000S\000y\000m\000m\000e\000t\000r\000y}{section.2}% 9
\BOOKMARK [2][-]{subsection.2.4}{\376\377\000V\000i\000r\000t\000u\000a\000l\000\040\000S\000a\000t\000e\000l\000l\000i\000t\000e\000\040\000P\000o\000s\000i\000t\000i\000o\000n\000\040\000F\000o\000r\000m\000u\000l\000a}{section.2}% 10
\BOOKMARK [2][-]{subsection.2.5}{\376\377\000V\000i\000r\000t\000u\000a\000l\000\040\000S\000a\000t\000e\000l\000l\000i\000t\000e\000\040\000a\000s\000\040\000C\000a\000t\000e\000g\000o\000r\000i\000c\000a\000l\000\040\000P\000r\000o\000b\000e}{section.2}% 11
\BOOKMARK [2][-]{subsection.2.6}{\376\377\000A\000r\000b\000i\000t\000r\000a\000r\000y\000\040\000C\000o\000n\000s\000t\000e\000l\000l\000a\000t\000i\000o\000n\000\040\000D\000e\000n\000s\000i\000t\000y}{section.2}% 12
\BOOKMARK [2][-]{subsection.2.7}{\376\377\000T\000r\000a\000n\000s\000-\000P\000l\000a\000n\000c\000k\000i\000a\000n\000\040\000T\000e\000m\000p\000o\000r\000a\000l\000\040\000R\000e\000s\000o\000l\000u\000t\000i\000o\000n\000\040\000I\000n\000t\000e\000g\000r\000a\000t\000i\000o\000n}{section.2}% 13
\BOOKMARK [1][-]{section.3}{\376\377\000A\000t\000m\000o\000s\000p\000h\000e\000r\000i\000c\000\040\000P\000a\000r\000t\000i\000t\000i\000o\000n\000\040\000S\000t\000a\000t\000e\000\040\000M\000e\000a\000s\000u\000r\000e\000m\000e\000n\000t}{}% 14
\BOOKMARK [2][-]{subsection.3.1}{\376\377\000A\000t\000m\000o\000s\000p\000h\000e\000r\000i\000c\000\040\000M\000o\000l\000e\000c\000u\000l\000a\000r\000\040\000E\000n\000s\000e\000m\000b\000l\000e\000\040\000a\000s\000\040\000B\000o\000u\000n\000d\000e\000d\000\040\000S\000y\000s\000t\000e\000m}{section.3}% 15
\BOOKMARK [2][-]{subsection.3.2}{\376\377\000F\000i\000v\000e\000-\000M\000o\000d\000a\000l\000\040\000V\000i\000r\000t\000u\000a\000l\000\040\000S\000p\000e\000c\000t\000r\000o\000m\000e\000t\000r\000y}{section.3}% 16
\BOOKMARK [2][-]{subsection.3.3}{\376\377\000C\000a\000t\000e\000g\000o\000r\000i\000c\000a\000l\000\040\000M\000o\000r\000p\000h\000i\000s\000m\000\040\000f\000o\000r\000\040\000P\000a\000r\000t\000i\000t\000i\000o\000n\000\040\000A\000c\000c\000e\000s\000s}{section.3}% 17
\BOOKMARK [2][-]{subsection.3.4}{\376\377\000S\000-\000E\000n\000t\000r\000o\000p\000y\000\040\000E\000n\000c\000o\000d\000i\000n\000g\000\040\000o\000f\000\040\000A\000t\000m\000o\000s\000p\000h\000e\000r\000i\000c\000\040\000S\000t\000a\000t\000e}{section.3}% 18
\BOOKMARK [2][-]{subsection.3.5}{\376\377\000H\000i\000e\000r\000a\000r\000c\000h\000i\000c\000a\000l\000\040\000T\000e\000r\000n\000a\000r\000y\000\040\000A\000d\000d\000r\000e\000s\000s\000i\000n\000g}{section.3}% 19
\BOOKMARK [2][-]{subsection.3.6}{\376\377\000V\000i\000r\000t\000u\000a\000l\000\040\000S\000a\000t\000e\000l\000l\000i\000t\000e\000\040\000M\000e\000a\000s\000u\000r\000e\000m\000e\000n\000t\000\040\000P\000r\000o\000t\000o\000c\000o\000l}{section.3}% 20
\BOOKMARK [2][-]{subsection.3.7}{\376\377\000M\000e\000a\000s\000u\000r\000e\000m\000e\000n\000t\000\040\000U\000p\000d\000a\000t\000e\000\040\000R\000a\000t\000e}{section.3}% 21
\BOOKMARK [2][-]{subsection.3.8}{\376\377\000A\000t\000m\000o\000s\000p\000h\000e\000r\000i\000c\000\040\000C\000o\000l\000u\000m\000n\000\040\000I\000n\000t\000e\000g\000r\000a\000t\000i\000o\000n}{section.3}% 22
\BOOKMARK [1][-]{section.4}{\376\377\000C\000a\000t\000e\000g\000o\000r\000i\000c\000a\000l\000\040\000G\000P\000S\000\040\000T\000h\000r\000o\000u\000g\000h\000\040\000P\000a\000r\000t\000i\000t\000i\000o\000n\000\040\000T\000r\000i\000a\000n\000g\000u\000l\000a\000t\000i\000o\000n}{}% 23
\BOOKMARK [2][-]{subsection.4.1}{\376\377\000P\000a\000r\000t\000i\000t\000i\000o\000n\000\040\000S\000i\000g\000n\000a\000t\000u\000r\000e\000\040\000a\000s\000\040\000P\000o\000s\000i\000t\000i\000o\000n\000\040\000F\000i\000n\000g\000e\000r\000p\000r\000i\000n\000t}{section.4}% 24
\BOOKMARK [2][-]{subsection.4.2}{\376\377\000C\000a\000t\000e\000g\000o\000r\000i\000c\000a\000l\000\040\000T\000r\000i\000a\000n\000g\000u\000l\000a\000t\000i\000o\000n\000\040\000A\000l\000g\000o\000r\000i\000t\000h\000m}{section.4}% 25
\BOOKMARK [2][-]{subsection.4.3}{\376\377\000P\000o\000s\000i\000t\000i\000o\000n\000\040\000D\000e\000t\000e\000r\000m\000i\000n\000a\000t\000i\000o\000n\000\040\000f\000r\000o\000m\000\040\000P\000a\000r\000t\000i\000t\000i\000o\000n\000\040\000M\000a\000t\000c\000h\000i\000n\000g}{section.4}% 26
\BOOKMARK [2][-]{subsection.4.4}{\376\377\000G\000e\000o\000m\000e\000t\000r\000i\000c\000\040\000D\000i\000l\000u\000t\000i\000o\000n\000\040\000o\000f\000\040\000P\000r\000e\000c\000i\000s\000i\000o\000n}{section.4}% 27
\BOOKMARK [2][-]{subsection.4.5}{\376\377\000I\000n\000d\000o\000o\000r\000\040\000a\000n\000d\000\040\000O\000b\000s\000t\000r\000u\000c\000t\000e\000d\000\040\000P\000o\000s\000i\000t\000i\000o\000n\000i\000n\000g}{section.4}% 28
\BOOKMARK [2][-]{subsection.4.6}{\376\377\000M\000u\000l\000t\000i\000-\000S\000a\000t\000e\000l\000l\000i\000t\000e\000\040\000F\000u\000s\000i\000o\000n}{section.4}% 29
\BOOKMARK [2][-]{subsection.4.7}{\376\377\000P\000o\000s\000i\000t\000i\000o\000n\000\040\000A\000c\000c\000u\000r\000a\000c\000y\000\040\000A\000n\000a\000l\000y\000s\000i\000s}{section.4}% 30
\BOOKMARK [2][-]{subsection.4.8}{\376\377\000C\000o\000m\000p\000a\000r\000i\000s\000o\000n\000\040\000w\000i\000t\000h\000\040\000T\000r\000a\000d\000i\000t\000i\000o\000n\000a\000l\000\040\000G\000P\000S}{section.4}% 31
\BOOKMARK [2][-]{subsection.4.9}{\376\377\000R\000e\000a\000l\000-\000T\000i\000m\000e\000\040\000P\000o\000s\000i\000t\000i\000o\000n\000\040\000T\000r\000a\000c\000k\000i\000n\000g}{section.4}% 32
\BOOKMARK [1][-]{section.5}{\376\377\000M\000o\000l\000e\000c\000u\000l\000a\000r\000\040\000P\000o\000s\000i\000t\000i\000o\000n\000\040\000R\000e\000c\000o\000n\000s\000t\000r\000u\000c\000t\000i\000o\000n}{}% 33
\BOOKMARK [2][-]{subsection.5.1}{\376\377\000T\000h\000e\000\040\000I\000n\000v\000e\000r\000s\000e\000\040\000P\000r\000o\000b\000l\000e\000m\000:\000\040\000F\000r\000o\000m\000\040\000P\000a\000r\000t\000i\000t\000i\000o\000n\000\040\000t\000o\000\040\000P\000o\000s\000i\000t\000i\000o\000n}{section.5}% 34
\BOOKMARK [2][-]{subsection.5.2}{\376\377\000E\000x\000p\000l\000i\000c\000i\000t\000\040\000I\000n\000v\000e\000r\000s\000e\000\040\000M\000a\000p\000p\000i\000n\000g\000\040\000C\000o\000n\000s\000t\000r\000u\000c\000t\000i\000o\000n}{section.5}% 35
\BOOKMARK [2][-]{subsection.5.3}{\376\377\000A\000t\000m\000o\000s\000p\000h\000e\000r\000i\000c\000\040\000J\000a\000c\000o\000b\000i\000a\000n\000\040\000C\000o\000m\000p\000u\000t\000a\000t\000i\000o\000n}{section.5}% 36
\BOOKMARK [2][-]{subsection.5.4}{\376\377\000M\000o\000l\000e\000c\000u\000l\000a\000r\000\040\000E\000n\000s\000e\000m\000b\000l\000e\000\040\000R\000e\000c\000o\000n\000s\000t\000r\000u\000c\000t\000i\000o\000n}{section.5}% 37
\BOOKMARK [2][-]{subsection.5.5}{\376\377\000M\000o\000l\000e\000c\000u\000l\000a\000r\000\040\000P\000o\000s\000i\000t\000i\000o\000n\000\040\000R\000e\000c\000o\000n\000s\000t\000r\000u\000c\000t\000i\000o\000n\000\040\000A\000l\000g\000o\000r\000i\000t\000h\000m}{section.5}% 38
\BOOKMARK [2][-]{subsection.5.6}{\376\377\000F\000r\000o\000m\000\040\000S\000-\000E\000n\000t\000r\000o\000p\000y\000\040\000t\000o\000\040\000T\000h\000e\000r\000m\000o\000d\000y\000n\000a\000m\000i\000c\000\040\000S\000t\000a\000t\000e}{section.5}% 39
\BOOKMARK [2][-]{subsection.5.7}{\376\377\000S\000p\000a\000t\000i\000a\000l\000\040\000R\000e\000s\000o\000l\000u\000t\000i\000o\000n\000\040\000o\000f\000\040\000M\000o\000l\000e\000c\000u\000l\000a\000r\000\040\000R\000e\000c\000o\000n\000s\000t\000r\000u\000c\000t\000i\000o\000n}{section.5}% 40
\BOOKMARK [2][-]{subsection.5.8}{\376\377\000V\000e\000r\000i\000f\000i\000c\000a\000t\000i\000o\000n\000\040\000T\000h\000r\000o\000u\000g\000h\000\040\000F\000o\000r\000w\000a\000r\000d\000\040\000C\000o\000n\000s\000i\000s\000t\000e\000n\000c\000y}{section.5}% 41
\BOOKMARK [2][-]{subsection.5.9}{\376\377\000C\000o\000n\000n\000e\000c\000t\000i\000o\000n\000\040\000t\000o\000\040\000W\000e\000a\000t\000h\000e\000r\000\040\000P\000r\000e\000d\000i\000c\000t\000i\000o\000n}{section.5}% 42
\BOOKMARK [1][-]{section.6}{\376\377\000W\000e\000a\000t\000h\000e\000r\000\040\000P\000r\000e\000d\000i\000c\000t\000i\000o\000n\000\040\000T\000h\000r\000o\000u\000g\000h\000\040\000P\000a\000r\000t\000i\000t\000i\000o\000n\000\040\000D\000y\000n\000a\000m\000i\000c\000s}{}% 43
\BOOKMARK [2][-]{subsection.6.1}{\376\377\000T\000h\000e\000\040\000C\000h\000a\000o\000s\000\040\000P\000r\000o\000b\000l\000e\000m\000\040\000i\000n\000\040\000T\000r\000a\000d\000i\000t\000i\000o\000n\000a\000l\000\040\000W\000e\000a\000t\000h\000e\000r\000\040\000P\000r\000e\000d\000i\000c\000t\000i\000o\000n}{section.6}% 44
\BOOKMARK [2][-]{subsection.6.2}{\376\377\000P\000a\000r\000t\000i\000t\000i\000o\000n\000\040\000D\000y\000n\000a\000m\000i\000c\000s\000:\000\040\000B\000e\000y\000o\000n\000d\000\040\000C\000h\000a\000o\000s}{section.6}% 45
\BOOKMARK [2][-]{subsection.6.3}{\376\377\000P\000a\000r\000t\000i\000t\000i\000o\000n\000\040\000E\000v\000o\000l\000u\000t\000i\000o\000n\000\040\000E\000q\000u\000a\000t\000i\000o\000n\000s}{section.6}% 46
\BOOKMARK [2][-]{subsection.6.4}{\376\377\000T\000r\000a\000n\000s\000-\000P\000l\000a\000n\000c\000k\000i\000a\000n\000\040\000R\000e\000s\000o\000l\000u\000t\000i\000o\000n\000\040\000W\000e\000a\000t\000h\000e\000r\000\040\000P\000r\000e\000d\000i\000c\000t\000i\000o\000n}{section.6}% 47
\BOOKMARK [2][-]{subsection.6.5}{\376\377\000E\000n\000s\000e\000m\000b\000l\000e\000-\000F\000r\000e\000e\000\040\000D\000e\000t\000e\000r\000m\000i\000n\000i\000s\000t\000i\000c\000\040\000P\000r\000e\000d\000i\000c\000t\000i\000o\000n}{section.6}% 48
\BOOKMARK [2][-]{subsection.6.6}{\376\377\000W\000e\000a\000t\000h\000e\000r\000\040\000P\000r\000e\000d\000i\000c\000t\000i\000o\000n\000\040\000A\000l\000g\000o\000r\000i\000t\000h\000m}{section.6}% 49
\BOOKMARK [2][-]{subsection.6.7}{\376\377\000C\000o\000m\000p\000u\000t\000a\000t\000i\000o\000n\000a\000l\000\040\000E\000f\000f\000i\000c\000i\000e\000n\000c\000y}{section.6}% 50
\BOOKMARK [2][-]{subsection.6.8}{\376\377\000E\000x\000t\000e\000n\000d\000e\000d\000\040\000F\000o\000r\000e\000c\000a\000s\000t\000\040\000H\000o\000r\000i\000z\000o\000n}{section.6}% 51
\BOOKMARK [2][-]{subsection.6.9}{\376\377\000P\000r\000e\000c\000i\000p\000i\000t\000a\000t\000i\000o\000n\000\040\000P\000r\000e\000d\000i\000c\000t\000i\000o\000n}{section.6}% 52
\BOOKMARK [2][-]{subsection.6.10}{\376\377\000S\000e\000v\000e\000r\000e\000\040\000W\000e\000a\000t\000h\000e\000r\000\040\000P\000r\000e\000d\000i\000c\000t\000i\000o\000n}{section.6}% 53
\BOOKMARK [2][-]{subsection.6.11}{\376\377\000I\000n\000t\000e\000g\000r\000a\000t\000i\000o\000n\000\040\000w\000i\000t\000h\000\040\000C\000a\000t\000e\000g\000o\000r\000i\000c\000a\000l\000\040\000G\000P\000S}{section.6}% 54
\BOOKMARK [1][-]{section.7}{\376\377\000E\000x\000p\000e\000r\000i\000m\000e\000n\000t\000a\000l\000\040\000V\000a\000l\000i\000d\000a\000t\000i\000o\000n}{}% 55
\BOOKMARK [2][-]{subsection.7.1}{\376\377\000V\000a\000l\000i\000d\000a\000t\000i\000o\000n\000\040\000F\000r\000a\000m\000e\000w\000o\000r\000k}{section.7}% 56
\BOOKMARK [2][-]{subsection.7.2}{\376\377\000G\000P\000S\000\040\000P\000o\000s\000i\000t\000i\000o\000n\000i\000n\000g\000\040\000V\000a\000l\000i\000d\000a\000t\000i\000o\000n}{section.7}% 57
\BOOKMARK [3][-]{subsubsection.7.2.1}{\376\377\000T\000e\000s\000t\000\040\000P\000r\000o\000t\000o\000c\000o\000l}{subsection.7.2}% 58
\BOOKMARK [3][-]{subsubsection.7.2.2}{\376\377\000O\000u\000t\000d\000o\000o\000r\000\040\000P\000o\000s\000i\000t\000i\000o\000n\000i\000n\000g\000\040\000R\000e\000s\000u\000l\000t\000s}{subsection.7.2}% 59
\BOOKMARK [3][-]{subsubsection.7.2.3}{\376\377\000I\000n\000d\000o\000o\000r\000\040\000P\000o\000s\000i\000t\000i\000o\000n\000i\000n\000g\000\040\000R\000e\000s\000u\000l\000t\000s}{subsection.7.2}% 60
\BOOKMARK [3][-]{subsubsection.7.2.4}{\376\377\000D\000y\000n\000a\000m\000i\000c\000\040\000T\000r\000a\000c\000k\000i\000n\000g\000\040\000R\000e\000s\000u\000l\000t\000s}{subsection.7.2}% 61
\BOOKMARK [2][-]{subsection.7.3}{\376\377\000W\000e\000a\000t\000h\000e\000r\000\040\000P\000r\000e\000d\000i\000c\000t\000i\000o\000n\000\040\000V\000a\000l\000i\000d\000a\000t\000i\000o\000n}{section.7}% 62
\BOOKMARK [3][-]{subsubsection.7.3.1}{\376\377\000T\000e\000s\000t\000\040\000P\000r\000o\000t\000o\000c\000o\000l}{subsection.7.3}% 63
\BOOKMARK [3][-]{subsubsection.7.3.2}{\376\377\000T\000e\000m\000p\000e\000r\000a\000t\000u\000r\000e\000\040\000F\000o\000r\000e\000c\000a\000s\000t\000\040\000A\000c\000c\000u\000r\000a\000c\000y}{subsection.7.3}% 64
\BOOKMARK [3][-]{subsubsection.7.3.3}{\376\377\000P\000r\000e\000c\000i\000p\000i\000t\000a\000t\000i\000o\000n\000\040\000F\000o\000r\000e\000c\000a\000s\000t\000\040\000A\000c\000c\000u\000r\000a\000c\000y}{subsection.7.3}% 65
\BOOKMARK [3][-]{subsubsection.7.3.4}{\376\377\000S\000e\000v\000e\000r\000e\000\040\000W\000e\000a\000t\000h\000e\000r\000\040\000P\000r\000e\000d\000i\000c\000t\000i\000o\000n}{subsection.7.3}% 66
\BOOKMARK [3][-]{subsubsection.7.3.5}{\376\377\000E\000x\000t\000e\000n\000d\000e\000d\000\040\000F\000o\000r\000e\000c\000a\000s\000t\000\040\000S\000k\000i\000l\000l}{subsection.7.3}% 67
\BOOKMARK [2][-]{subsection.7.4}{\376\377\000A\000t\000m\000o\000s\000p\000h\000e\000r\000i\000c\000\040\000S\000t\000a\000t\000e\000\040\000R\000e\000c\000o\000n\000s\000t\000r\000u\000c\000t\000i\000o\000n\000\040\000V\000a\000l\000i\000d\000a\000t\000i\000o\000n}{section.7}% 68
\BOOKMARK [3][-]{subsubsection.7.4.1}{\376\377\000C\000o\000m\000p\000a\000r\000i\000s\000o\000n\000\040\000w\000i\000t\000h\000\040\000R\000a\000d\000i\000o\000s\000o\000n\000d\000e\000s}{subsection.7.4}% 69
\BOOKMARK [3][-]{subsubsection.7.4.2}{\376\377\000C\000o\000m\000p\000a\000r\000i\000s\000o\000n\000\040\000w\000i\000t\000h\000\040\000S\000a\000t\000e\000l\000l\000i\000t\000e\000\040\000R\000e\000t\000r\000i\000e\000v\000a\000l\000s}{subsection.7.4}% 70
\BOOKMARK [2][-]{subsection.7.5}{\376\377\000C\000o\000m\000p\000u\000t\000a\000t\000i\000o\000n\000a\000l\000\040\000P\000e\000r\000f\000o\000r\000m\000a\000n\000c\000e\000\040\000V\000a\000l\000i\000d\000a\000t\000i\000o\000n}{section.7}% 71
\BOOKMARK [3][-]{subsubsection.7.5.1}{\376\377\000P\000r\000o\000c\000e\000s\000s\000i\000n\000g\000\040\000T\000i\000m\000e\000\040\000C\000o\000m\000p\000a\000r\000i\000s\000o\000n}{subsection.7.5}% 72
\BOOKMARK [3][-]{subsubsection.7.5.2}{\376\377\000R\000e\000s\000o\000l\000u\000t\000i\000o\000n\000\040\000C\000o\000m\000p\000a\000r\000i\000s\000o\000n}{subsection.7.5}% 73
\BOOKMARK [2][-]{subsection.7.6}{\376\377\000S\000t\000a\000t\000i\000s\000t\000i\000c\000a\000l\000\040\000S\000i\000g\000n\000i\000f\000i\000c\000a\000n\000c\000e\000\040\000A\000n\000a\000l\000y\000s\000i\000s}{section.7}% 74
\BOOKMARK [3][-]{subsubsection.7.6.1}{\376\377\000G\000P\000S\000\040\000P\000o\000s\000i\000t\000i\000o\000n\000i\000n\000g}{subsection.7.6}% 75
\BOOKMARK [3][-]{subsubsection.7.6.2}{\376\377\000W\000e\000a\000t\000h\000e\000r\000\040\000P\000r\000e\000d\000i\000c\000t\000i\000o\000n}{subsection.7.6}% 76
\BOOKMARK [2][-]{subsection.7.7}{\376\377\000R\000o\000b\000u\000s\000t\000n\000e\000s\000s\000\040\000T\000e\000s\000t\000i\000n\000g}{section.7}% 77
\BOOKMARK [3][-]{subsubsection.7.7.1}{\376\377\000G\000P\000S\000\040\000R\000o\000b\000u\000s\000t\000n\000e\000s\000s}{subsection.7.7}% 78
\BOOKMARK [3][-]{subsubsection.7.7.2}{\376\377\000W\000e\000a\000t\000h\000e\000r\000\040\000P\000r\000e\000d\000i\000c\000t\000i\000o\000n\000\040\000R\000o\000b\000u\000s\000t\000n\000e\000s\000s}{subsection.7.7}% 79
\BOOKMARK [2][-]{subsection.7.8}{\376\377\000S\000u\000m\000m\000a\000r\000y\000\040\000o\000f\000\040\000V\000a\000l\000i\000d\000a\000t\000i\000o\000n\000\040\000R\000e\000s\000u\000l\000t\000s}{section.7}% 80
\BOOKMARK [1][-]{section.8}{\376\377\000D\000i\000s\000c\000u\000s\000s\000i\000o\000n\000\040\000a\000n\000d\000\040\000F\000u\000t\000u\000r\000e\000\040\000D\000i\000r\000e\000c\000t\000i\000o\000n\000s}{}% 81
\BOOKMARK [2][-]{subsection.8.1}{\376\377\000T\000h\000e\000o\000r\000e\000t\000i\000c\000a\000l\000\040\000I\000m\000p\000l\000i\000c\000a\000t\000i\000o\000n\000s}{section.8}% 82
\BOOKMARK [3][-]{subsubsection.8.1.1}{\376\377\000U\000n\000i\000f\000i\000c\000a\000t\000i\000o\000n\000\040\000o\000f\000\040\000P\000o\000s\000i\000t\000i\000o\000n\000\040\000a\000n\000d\000\040\000W\000e\000a\000t\000h\000e\000r}{subsection.8.1}% 83
\BOOKMARK [3][-]{subsubsection.8.1.2}{\376\377\000R\000e\000s\000o\000l\000u\000t\000i\000o\000n\000\040\000o\000f\000\040\000t\000h\000e\000\040\000C\000h\000a\000o\000s\000\040\000P\000a\000r\000a\000d\000o\000x}{subsection.8.1}% 84
\BOOKMARK [3][-]{subsubsection.8.1.3}{\376\377\000I\000n\000f\000o\000r\000m\000a\000t\000i\000o\000n\000-\000T\000h\000e\000o\000r\000e\000t\000i\000c\000\040\000F\000o\000u\000n\000d\000a\000t\000i\000o\000n}{subsection.8.1}% 85
\BOOKMARK [2][-]{subsection.8.2}{\376\377\000P\000r\000a\000c\000t\000i\000c\000a\000l\000\040\000I\000m\000p\000l\000i\000c\000a\000t\000i\000o\000n\000s}{section.8}% 86
\BOOKMARK [3][-]{subsubsection.8.2.1}{\376\377\000D\000e\000m\000o\000c\000r\000a\000t\000i\000z\000a\000t\000i\000o\000n\000\040\000o\000f\000\040\000N\000a\000v\000i\000g\000a\000t\000i\000o\000n}{subsection.8.2}% 87
\BOOKMARK [3][-]{subsubsection.8.2.2}{\376\377\000T\000r\000a\000n\000s\000f\000o\000r\000m\000a\000t\000i\000o\000n\000\040\000o\000f\000\040\000W\000e\000a\000t\000h\000e\000r\000\040\000S\000e\000r\000v\000i\000c\000e\000s}{subsection.8.2}% 88
\BOOKMARK [2][-]{subsection.8.3}{\376\377\000L\000i\000m\000i\000t\000a\000t\000i\000o\000n\000s\000\040\000a\000n\000d\000\040\000C\000h\000a\000l\000l\000e\000n\000g\000e\000s}{section.8}% 89
\BOOKMARK [3][-]{subsubsection.8.3.1}{\376\377\000C\000u\000r\000r\000e\000n\000t\000\040\000L\000i\000m\000i\000t\000a\000t\000i\000o\000n\000s}{subsection.8.3}% 90
\BOOKMARK [3][-]{subsubsection.8.3.2}{\376\377\000T\000e\000c\000h\000n\000i\000c\000a\000l\000\040\000C\000h\000a\000l\000l\000e\000n\000g\000e\000s}{subsection.8.3}% 91
\BOOKMARK [2][-]{subsection.8.4}{\376\377\000F\000u\000t\000u\000r\000e\000\040\000R\000e\000s\000e\000a\000r\000c\000h\000\040\000D\000i\000r\000e\000c\000t\000i\000o\000n\000s}{section.8}% 92
\BOOKMARK [3][-]{subsubsection.8.4.1}{\376\377\000N\000e\000a\000r\000-\000T\000e\000r\000m\000\040\000\050\0001\000-\0003\000\040\000y\000e\000a\000r\000s\000\051}{subsection.8.4}% 93
\BOOKMARK [3][-]{subsubsection.8.4.2}{\376\377\000M\000e\000d\000i\000u\000m\000-\000T\000e\000r\000m\000\040\000\050\0003\000-\0001\0000\000\040\000y\000e\000a\000r\000s\000\051}{subsection.8.4}% 94
\BOOKMARK [3][-]{subsubsection.8.4.3}{\376\377\000L\000o\000n\000g\000-\000T\000e\000r\000m\000\040\000\050\0001\0000\000+\000\040\000y\000e\000a\000r\000s\000\051}{subsection.8.4}% 95
\BOOKMARK [2][-]{subsection.8.5}{\376\377\000S\000o\000c\000i\000e\000t\000a\000l\000\040\000I\000m\000p\000a\000c\000t}{section.8}% 96
\BOOKMARK [3][-]{subsubsection.8.5.1}{\376\377\000E\000c\000o\000n\000o\000m\000i\000c\000\040\000B\000e\000n\000e\000f\000i\000t\000s}{subsection.8.5}% 97
\BOOKMARK [3][-]{subsubsection.8.5.2}{\376\377\000S\000a\000f\000e\000t\000y\000\040\000I\000m\000p\000r\000o\000v\000e\000m\000e\000n\000t\000s}{subsection.8.5}% 98
\BOOKMARK [3][-]{subsubsection.8.5.3}{\376\377\000E\000n\000v\000i\000r\000o\000n\000m\000e\000n\000t\000a\000l\000\040\000A\000p\000p\000l\000i\000c\000a\000t\000i\000o\000n\000s}{subsection.8.5}% 99
\BOOKMARK [2][-]{subsection.8.6}{\376\377\000P\000h\000i\000l\000o\000s\000o\000p\000h\000i\000c\000a\000l\000\040\000I\000m\000p\000l\000i\000c\000a\000t\000i\000o\000n\000s}{section.8}% 100
\BOOKMARK [3][-]{subsubsection.8.6.1}{\376\377\000T\000h\000e\000\040\000A\000t\000m\000o\000s\000p\000h\000e\000r\000e\000\040\000a\000s\000\040\000I\000n\000f\000o\000r\000m\000a\000t\000i\000o\000n\000\040\000M\000e\000d\000i\000u\000m}{subsection.8.6}% 101
\BOOKMARK [3][-]{subsubsection.8.6.2}{\376\377\000D\000e\000t\000e\000r\000m\000i\000n\000i\000s\000m\000\040\000a\000n\000d\000\040\000P\000r\000e\000d\000i\000c\000t\000i\000o\000n}{subsection.8.6}% 102
\BOOKMARK [3][-]{subsubsection.8.6.3}{\376\377\000U\000n\000i\000f\000i\000c\000a\000t\000i\000o\000n\000\040\000a\000s\000\040\000D\000i\000s\000c\000o\000v\000e\000r\000y}{subsection.8.6}% 103
\BOOKMARK [2][-]{subsection.8.7}{\376\377\000C\000o\000n\000c\000l\000u\000s\000i\000o\000n\000\040\000o\000f\000\040\000D\000i\000s\000c\000u\000s\000s\000i\000o\000n}{section.8}% 104
\BOOKMARK [1][-]{section.9}{\376\377\000C\000o\000n\000c\000l\000u\000s\000i\000o\000n}{}% 105
