\BOOKMARK [1][-]{section.1}{\376\377\000I\000n\000t\000r\000o\000d\000u\000c\000t\000i\000o\000n}{}% 1
\BOOKMARK [2][-]{subsection.1.1}{\376\377\000N\000e\000t\000w\000o\000r\000k\000\040\000C\000o\000o\000r\000d\000i\000n\000a\000t\000i\000o\000n\000\040\000a\000s\000\040\000S\000t\000a\000t\000i\000s\000t\000i\000c\000a\000l\000\040\000M\000e\000c\000h\000a\000n\000i\000c\000s\000\040\000P\000r\000o\000b\000l\000e\000m}{section.1}% 2
\BOOKMARK [2][-]{subsection.1.2}{\376\377\000F\000r\000o\000m\000\040\000B\000o\000u\000n\000d\000e\000d\000\040\000P\000h\000a\000s\000e\000\040\000S\000p\000a\000c\000e\000\040\000t\000o\000\040\000N\000e\000t\000w\000o\000r\000k\000\040\000T\000h\000e\000r\000m\000o\000d\000y\000n\000a\000m\000i\000c\000s}{section.1}% 3
\BOOKMARK [2][-]{subsection.1.3}{\376\377\000T\000h\000e\000\040\000C\000e\000n\000t\000r\000a\000l\000\040\000M\000o\000l\000e\000c\000u\000l\000e\000\040\000I\000m\000p\000o\000s\000s\000i\000b\000i\000l\000i\000t\000y}{section.1}% 4
\BOOKMARK [2][-]{subsection.1.4}{\376\377\000V\000a\000r\000i\000a\000n\000c\000e\000\040\000R\000e\000s\000t\000o\000r\000a\000t\000i\000o\000n\000\040\000a\000s\000\040\000R\000e\000f\000r\000i\000g\000e\000r\000a\000t\000i\000o\000n}{section.1}% 5
\BOOKMARK [2][-]{subsection.1.5}{\376\377\000H\000i\000e\000r\000a\000r\000c\000h\000i\000c\000a\000l\000\040\000P\000h\000a\000s\000e\000\040\000T\000r\000a\000n\000s\000i\000t\000i\000o\000n\000s}{section.1}% 6
\BOOKMARK [2][-]{subsection.1.6}{\376\377\000T\000h\000e\000r\000m\000o\000d\000y\000n\000a\000m\000i\000c\000\040\000S\000e\000c\000u\000r\000i\000t\000y}{section.1}% 7
\BOOKMARK [2][-]{subsection.1.7}{\376\377\000S\000t\000r\000u\000c\000t\000u\000r\000e\000\040\000o\000f\000\040\000T\000h\000i\000s\000\040\000W\000o\000r\000k}{section.1}% 8
\BOOKMARK [1][-]{section.2}{\376\377\000N\000e\000t\000w\000o\000r\000k\000-\000G\000a\000s\000\040\000I\000s\000o\000m\000o\000r\000p\000h\000i\000s\000m\000\040\000a\000n\000d\000\040\000S\000t\000a\000t\000i\000s\000t\000i\000c\000a\000l\000\040\000M\000e\000c\000h\000a\000n\000i\000c\000s\000\040\000F\000o\000u\000n\000d\000a\000t\000i\000o\000n}{}% 9
\BOOKMARK [2][-]{subsection.2.1}{\376\377\000P\000h\000a\000s\000e\000\040\000S\000p\000a\000c\000e\000\040\000F\000o\000r\000m\000u\000l\000a\000t\000i\000o\000n\000\040\000o\000f\000\040\000N\000e\000t\000w\000o\000r\000k\000s}{section.2}% 10
\BOOKMARK [2][-]{subsection.2.2}{\376\377\000N\000e\000t\000w\000o\000r\000k\000\040\000P\000a\000r\000t\000i\000t\000i\000o\000n\000\040\000F\000u\000n\000c\000t\000i\000o\000n}{section.2}% 11
\BOOKMARK [2][-]{subsection.2.3}{\376\377\000I\000d\000e\000a\000l\000\040\000N\000e\000t\000w\000o\000r\000k\000\040\000L\000a\000w}{section.2}% 12
\BOOKMARK [2][-]{subsection.2.4}{\376\377\000N\000e\000t\000w\000o\000r\000k\000\040\000U\000n\000c\000e\000r\000t\000a\000i\000n\000t\000y\000\040\000R\000e\000l\000a\000t\000i\000o\000n}{section.2}% 13
\BOOKMARK [2][-]{subsection.2.5}{\376\377\000M\000a\000x\000w\000e\000l\000l\000-\000B\000o\000l\000t\000z\000m\000a\000n\000n\000\040\000D\000i\000s\000t\000r\000i\000b\000u\000t\000i\000o\000n\000\040\000f\000o\000r\000\040\000P\000a\000c\000k\000e\000t\000s}{section.2}% 14
\BOOKMARK [2][-]{subsection.2.6}{\376\377\000E\000n\000t\000r\000o\000p\000y\000\040\000a\000n\000d\000\040\000I\000n\000f\000o\000r\000m\000a\000t\000i\000o\000n}{section.2}% 15
\BOOKMARK [2][-]{subsection.2.7}{\376\377\000C\000h\000e\000m\000i\000c\000a\000l\000\040\000P\000o\000t\000e\000n\000t\000i\000a\000l\000\040\000a\000n\000d\000\040\000N\000o\000d\000e\000\040\000A\000d\000d\000i\000t\000i\000o\000n}{section.2}% 16
\BOOKMARK [1][-]{section.3}{\376\377\000P\000h\000a\000s\000e\000-\000L\000o\000c\000k\000\040\000N\000e\000t\000w\000o\000r\000k\000s\000\040\000a\000s\000\040\000M\000o\000l\000e\000c\000u\000l\000a\000r\000\040\000C\000r\000y\000s\000t\000a\000l\000\040\000F\000o\000r\000m\000a\000t\000i\000o\000n}{}% 17
\BOOKMARK [2][-]{subsection.3.1}{\376\377\000I\000n\000t\000e\000r\000m\000o\000l\000e\000c\000u\000l\000a\000r\000\040\000F\000o\000r\000c\000e\000s\000\040\000i\000n\000\040\000N\000e\000t\000w\000o\000r\000k\000s}{section.3}% 18
\BOOKMARK [3][-]{subsubsection.3.1.1}{\376\377\000C\000o\000l\000l\000i\000s\000i\000o\000n\000\040\000P\000o\000t\000e\000n\000t\000i\000a\000l\000\040\000\050\000V\000a\000n\000\040\000d\000e\000r\000\040\000W\000a\000a\000l\000s\000\040\000A\000n\000a\000l\000o\000g\000\051}{subsection.3.1}% 19
\BOOKMARK [3][-]{subsubsection.3.1.2}{\376\377\000P\000r\000i\000o\000r\000i\000t\000y\000\040\000P\000o\000t\000e\000n\000t\000i\000a\000l\000\040\000\050\000C\000o\000u\000l\000o\000m\000b\000\040\000A\000n\000a\000l\000o\000g\000\051}{subsection.3.1}% 20
\BOOKMARK [3][-]{subsubsection.3.1.3}{\376\377\000P\000r\000o\000t\000o\000c\000o\000l\000\040\000A\000l\000i\000g\000n\000m\000e\000n\000t\000\040\000P\000o\000t\000e\000n\000t\000i\000a\000l\000\040\000\050\000D\000i\000p\000o\000l\000e\000\040\000A\000n\000a\000l\000o\000g\000\051}{subsection.3.1}% 21
\BOOKMARK [2][-]{subsection.3.2}{\376\377\000P\000h\000a\000s\000e\000-\000L\000o\000c\000k\000\040\000F\000o\000r\000m\000a\000t\000i\000o\000n\000\040\000D\000y\000n\000a\000m\000i\000c\000s}{section.3}% 22
\BOOKMARK [2][-]{subsection.3.3}{\376\377\000C\000r\000y\000s\000t\000a\000l\000l\000i\000z\000a\000t\000i\000o\000n\000\040\000T\000r\000a\000n\000s\000i\000t\000i\000o\000n}{section.3}% 23
\BOOKMARK [2][-]{subsection.3.4}{\376\377\000O\000r\000d\000e\000r\000\040\000P\000a\000r\000a\000m\000e\000t\000e\000r}{section.3}% 24
\BOOKMARK [2][-]{subsection.3.5}{\376\377\000L\000a\000t\000t\000i\000c\000e\000\040\000S\000t\000r\000u\000c\000t\000u\000r\000e\000\040\000o\000f\000\040\000P\000h\000a\000s\000e\000-\000L\000o\000c\000k\000e\000d\000\040\000N\000e\000t\000w\000o\000r\000k\000s}{section.3}% 25
\BOOKMARK [2][-]{subsection.3.6}{\376\377\000D\000e\000f\000e\000c\000t\000s\000\040\000a\000n\000d\000\040\000E\000x\000c\000i\000t\000a\000t\000i\000o\000n\000s}{section.3}% 26
\BOOKMARK [2][-]{subsection.3.7}{\376\377\000P\000h\000o\000n\000o\000n\000s\000:\000\040\000C\000o\000l\000l\000e\000c\000t\000i\000v\000e\000\040\000E\000x\000c\000i\000t\000a\000t\000i\000o\000n\000s}{section.3}% 27
\BOOKMARK [1][-]{section.4}{\376\377\000V\000a\000r\000i\000a\000n\000c\000e\000\040\000R\000e\000s\000t\000o\000r\000a\000t\000i\000o\000n\000\040\000a\000s\000\040\000N\000e\000t\000w\000o\000r\000k\000\040\000R\000e\000f\000r\000i\000g\000e\000r\000a\000t\000i\000o\000n}{}% 28
\BOOKMARK [2][-]{subsection.4.1}{\376\377\000N\000e\000w\000t\000o\000n\000'\000s\000\040\000L\000a\000w\000\040\000o\000f\000\040\000C\000o\000o\000l\000i\000n\000g\000\040\000f\000o\000r\000\040\000N\000e\000t\000w\000o\000r\000k\000s}{section.4}% 29
\BOOKMARK [2][-]{subsection.4.2}{\376\377\000A\000t\000o\000m\000i\000c\000\040\000C\000l\000o\000c\000k\000\040\000a\000s\000\040\000Z\000e\000r\000o\000-\000T\000e\000m\000p\000e\000r\000a\000t\000u\000r\000e\000\040\000R\000e\000s\000e\000r\000v\000o\000i\000r}{section.4}% 30
\BOOKMARK [2][-]{subsection.4.3}{\376\377\000R\000e\000s\000t\000o\000r\000a\000t\000i\000o\000n\000\040\000T\000i\000m\000e\000s\000c\000a\000l\000e\000\040\000D\000e\000r\000i\000v\000a\000t\000i\000o\000n}{section.4}% 31
\BOOKMARK [2][-]{subsection.4.4}{\376\377\000E\000n\000t\000r\000o\000p\000y\000\040\000E\000x\000t\000r\000a\000c\000t\000i\000o\000n\000\040\000R\000a\000t\000e}{section.4}% 32
\BOOKMARK [2][-]{subsection.4.5}{\376\377\000V\000a\000r\000i\000a\000n\000c\000e\000\040\000D\000e\000c\000a\000y\000\040\000D\000y\000n\000a\000m\000i\000c\000s}{section.4}% 33
\BOOKMARK [2][-]{subsection.4.6}{\376\377\000M\000u\000l\000t\000i\000-\000S\000c\000a\000l\000e\000\040\000V\000a\000r\000i\000a\000n\000c\000e\000\040\000R\000e\000s\000t\000o\000r\000a\000t\000i\000o\000n}{section.4}% 34
\BOOKMARK [2][-]{subsection.4.7}{\376\377\000P\000h\000a\000s\000e\000\040\000T\000r\000a\000n\000s\000i\000t\000i\000o\000n\000\040\000D\000u\000r\000i\000n\000g\000\040\000C\000o\000o\000l\000i\000n\000g}{section.4}% 35
\BOOKMARK [2][-]{subsection.4.8}{\376\377\000E\000x\000p\000e\000r\000i\000m\000e\000n\000t\000a\000l\000\040\000V\000a\000l\000i\000d\000a\000t\000i\000o\000n}{section.4}% 36
\BOOKMARK [1][-]{section.5}{\376\377\000H\000i\000e\000r\000a\000r\000c\000h\000i\000c\000a\000l\000\040\000D\000a\000t\000a\000\040\000F\000r\000a\000g\000m\000e\000n\000t\000a\000t\000i\000o\000n\000\040\000A\000c\000r\000o\000s\000s\000\040\000T\000e\000m\000p\000o\000r\000a\000l\000\040\000S\000c\000a\000l\000e\000s}{}% 37
\BOOKMARK [2][-]{subsection.5.1}{\376\377\000P\000a\000r\000t\000i\000t\000i\000o\000n\000\040\000G\000e\000o\000m\000e\000t\000r\000y\000\040\000o\000f\000\040\000T\000e\000m\000p\000o\000r\000a\000l\000\040\000F\000r\000a\000g\000m\000e\000n\000t\000a\000t\000i\000o\000n}{section.5}% 38
\BOOKMARK [2][-]{subsection.5.2}{\376\377\000D\000a\000t\000a\000\040\000F\000r\000a\000g\000m\000e\000n\000t\000a\000t\000i\000o\000n\000\040\000P\000r\000o\000t\000o\000c\000o\000l}{section.5}% 39
\BOOKMARK [2][-]{subsection.5.3}{\376\377\000A\000u\000t\000o\000m\000a\000t\000i\000c\000\040\000R\000e\000d\000u\000n\000d\000a\000n\000c\000y\000\040\000T\000h\000r\000o\000u\000g\000h\000\040\000F\000r\000a\000g\000m\000e\000n\000t\000a\000t\000i\000o\000n}{section.5}% 40
\BOOKMARK [2][-]{subsection.5.4}{\376\377\000P\000h\000a\000s\000e\000\040\000T\000r\000a\000n\000s\000i\000t\000i\000o\000n\000s\000\040\000a\000t\000\040\000E\000a\000c\000h\000\040\000S\000c\000a\000l\000e}{section.5}% 41
\BOOKMARK [2][-]{subsection.5.5}{\376\377\000F\000r\000a\000g\000m\000e\000n\000t\000a\000t\000i\000o\000n\000\040\000a\000n\000d\000\040\000T\000h\000r\000o\000u\000g\000h\000p\000u\000t\000\040\000E\000n\000h\000a\000n\000c\000e\000m\000e\000n\000t}{section.5}% 42
\BOOKMARK [2][-]{subsection.5.6}{\376\377\000S\000p\000a\000t\000i\000a\000l\000\040\000F\000r\000a\000g\000m\000e\000n\000t\000a\000t\000i\000o\000n\000\040\000i\000n\000\040\000A\000d\000d\000r\000e\000s\000s\000\040\000S\000p\000a\000c\000e}{section.5}% 43
\BOOKMARK [2][-]{subsection.5.7}{\376\377\000F\000r\000a\000g\000m\000e\000n\000t\000a\000t\000i\000o\000n\000\040\000a\000n\000d\000\040\000P\000h\000a\000s\000e\000-\000L\000o\000c\000k\000\040\000S\000y\000n\000c\000h\000r\000o\000n\000i\000z\000a\000t\000i\000o\000n}{section.5}% 44
\BOOKMARK [2][-]{subsection.5.8}{\376\377\000E\000x\000p\000e\000r\000i\000m\000e\000n\000t\000a\000l\000\040\000V\000a\000l\000i\000d\000a\000t\000i\000o\000n\000\040\000o\000f\000\040\000F\000r\000a\000g\000m\000e\000n\000t\000a\000t\000i\000o\000n}{section.5}% 45
\BOOKMARK [1][-]{section.6}{\376\377\000A\000t\000o\000m\000i\000c\000\040\000C\000l\000o\000c\000k\000\040\000S\000y\000n\000c\000h\000r\000o\000n\000i\000z\000a\000t\000i\000o\000n\000\040\000a\000s\000\040\000Z\000e\000r\000o\000-\000T\000e\000m\000p\000e\000r\000a\000t\000u\000r\000e\000\040\000R\000e\000s\000e\000r\000v\000o\000i\000r}{}% 46
\BOOKMARK [2][-]{subsection.6.1}{\376\377\000G\000P\000S\000-\000D\000i\000s\000c\000i\000p\000l\000i\000n\000e\000d\000\040\000O\000s\000c\000i\000l\000l\000a\000t\000o\000r\000\040\000A\000r\000c\000h\000i\000t\000e\000c\000t\000u\000r\000e}{section.6}% 47
\BOOKMARK [2][-]{subsection.6.2}{\376\377\000P\000h\000a\000s\000e\000-\000L\000o\000c\000k\000\040\000L\000o\000o\000p\000\040\000C\000o\000u\000p\000l\000i\000n\000g}{section.6}% 48
\BOOKMARK [2][-]{subsection.6.3}{\376\377\000H\000e\000a\000t\000\040\000T\000r\000a\000n\000s\000f\000e\000r\000\040\000f\000r\000o\000m\000\040\000N\000e\000t\000w\000o\000r\000k\000\040\000t\000o\000\040\000C\000l\000o\000c\000k}{section.6}% 49
\BOOKMARK [2][-]{subsection.6.4}{\376\377\000A\000t\000o\000m\000i\000c\000\040\000C\000l\000o\000c\000k\000\040\000a\000s\000\040\000L\000a\000n\000d\000a\000u\000e\000r\000\040\000E\000r\000a\000s\000e\000r}{section.6}% 50
\BOOKMARK [2][-]{subsection.6.5}{\376\377\000S\000y\000n\000c\000h\000r\000o\000n\000i\000z\000a\000t\000i\000o\000n\000\040\000A\000c\000c\000u\000r\000a\000c\000y\000\040\000a\000n\000d\000\040\000S\000t\000a\000b\000i\000l\000i\000t\000y}{section.6}% 51
\BOOKMARK [2][-]{subsection.6.6}{\376\377\000N\000e\000t\000w\000o\000r\000k\000-\000W\000i\000d\000e\000\040\000P\000h\000a\000s\000e\000\040\000C\000o\000h\000e\000r\000e\000n\000c\000e}{section.6}% 52
\BOOKMARK [2][-]{subsection.6.7}{\376\377\000H\000a\000r\000d\000w\000a\000r\000e\000\040\000I\000m\000p\000l\000e\000m\000e\000n\000t\000a\000t\000i\000o\000n}{section.6}% 53
\BOOKMARK [2][-]{subsection.6.8}{\376\377\000A\000l\000t\000e\000r\000n\000a\000t\000i\000v\000e\000:\000\040\000C\000h\000i\000p\000-\000S\000c\000a\000l\000e\000\040\000A\000t\000o\000m\000i\000c\000\040\000C\000l\000o\000c\000k\000s}{section.6}% 54
\BOOKMARK [2][-]{subsection.6.9}{\376\377\000E\000x\000p\000e\000r\000i\000m\000e\000n\000t\000a\000l\000\040\000V\000a\000l\000i\000d\000a\000t\000i\000o\000n}{section.6}% 55
\BOOKMARK [1][-]{section.7}{\376\377\000T\000r\000a\000n\000s\000-\000P\000l\000a\000n\000c\000k\000i\000a\000n\000\040\000S\000t\000a\000t\000e\000\040\000E\000n\000c\000o\000d\000i\000n\000g\000\040\000T\000h\000r\000o\000u\000g\000h\000\040\000C\000a\000t\000e\000g\000o\000r\000i\000c\000a\000l\000\040\000C\000o\000u\000n\000t\000i\000n\000g}{}% 56
\BOOKMARK [2][-]{subsection.7.1}{\376\377\000C\000a\000t\000e\000g\000o\000r\000i\000c\000a\000l\000\040\000S\000t\000a\000t\000e\000\040\000S\000p\000a\000c\000e\000\040\000f\000o\000r\000\040\000N\000e\000t\000w\000o\000r\000k\000s}{section.7}% 57
\BOOKMARK [2][-]{subsection.7.2}{\376\377\000P\000o\000i\000n\000c\000a\000r\000\351\000\040\000C\000o\000m\000p\000u\000t\000i\000n\000g\000\040\000f\000o\000r\000\040\000N\000e\000t\000w\000o\000r\000k\000\040\000T\000r\000a\000j\000e\000c\000t\000o\000r\000i\000e\000s}{section.7}% 58
\BOOKMARK [2][-]{subsection.7.3}{\376\377\000T\000r\000a\000n\000s\000-\000P\000l\000a\000n\000c\000k\000i\000a\000n\000\040\000R\000e\000s\000o\000l\000u\000t\000i\000o\000n\000\040\000T\000h\000r\000o\000u\000g\000h\000\040\000A\000c\000c\000u\000m\000u\000l\000a\000t\000e\000d\000\040\000C\000o\000m\000p\000l\000e\000t\000i\000o\000n\000s}{section.7}% 59
\BOOKMARK [2][-]{subsection.7.4}{\376\377\000T\000e\000r\000n\000a\000r\000y\000\040\000E\000n\000c\000o\000d\000i\000n\000g\000\040\000o\000f\000\040\000N\000e\000t\000w\000o\000r\000k\000\040\000S\000t\000a\000t\000e}{section.7}% 60
\BOOKMARK [2][-]{subsection.7.5}{\376\377\000C\000o\000n\000t\000i\000n\000u\000o\000u\000s\000\040\000R\000e\000f\000i\000n\000e\000m\000e\000n\000t\000\040\000T\000h\000r\000o\000u\000g\000h\000\040\000M\000e\000a\000s\000u\000r\000e\000m\000e\000n\000t}{section.7}% 61
\BOOKMARK [2][-]{subsection.7.6}{\376\377\000S\000t\000a\000t\000e\000\040\000C\000o\000u\000n\000t\000i\000n\000g\000\040\000a\000n\000d\000\040\000I\000n\000f\000o\000r\000m\000a\000t\000i\000o\000n\000\040\000C\000o\000n\000t\000e\000n\000t}{section.7}% 62
\BOOKMARK [2][-]{subsection.7.7}{\376\377\000E\000x\000p\000e\000r\000i\000m\000e\000n\000t\000a\000l\000\040\000M\000e\000a\000s\000u\000r\000e\000m\000e\000n\000t\000\040\000o\000f\000\040\000T\000r\000a\000n\000s\000-\000P\000l\000a\000n\000c\000k\000i\000a\000n\000\040\000S\000t\000a\000t\000e\000s}{section.7}% 63
\BOOKMARK [2][-]{subsection.7.8}{\376\377\000H\000a\000r\000d\000w\000a\000r\000e\000\040\000R\000e\000a\000l\000i\000z\000a\000t\000i\000o\000n\000\040\000o\000f\000\040\000C\000a\000t\000e\000g\000o\000r\000i\000c\000a\000l\000\040\000S\000t\000a\000t\000e\000s}{section.7}% 64
\BOOKMARK [1][-]{section.8}{\376\377\000P\000e\000r\000f\000o\000r\000m\000a\000n\000c\000e\000\040\000M\000e\000t\000r\000i\000c\000s\000\040\000a\000n\000d\000\040\000Q\000u\000a\000n\000t\000i\000t\000a\000t\000i\000v\000e\000\040\000A\000n\000a\000l\000y\000s\000i\000s}{}% 65
\BOOKMARK [2][-]{subsection.8.1}{\376\377\000T\000h\000r\000o\000u\000g\000h\000p\000u\000t\000\040\000E\000n\000h\000a\000n\000c\000e\000m\000e\000n\000t}{section.8}% 66
\BOOKMARK [2][-]{subsection.8.2}{\376\377\000L\000a\000t\000e\000n\000c\000y\000\040\000R\000e\000d\000u\000c\000t\000i\000o\000n}{section.8}% 67
\BOOKMARK [2][-]{subsection.8.3}{\376\377\000J\000i\000t\000t\000e\000r\000\040\000R\000e\000d\000u\000c\000t\000i\000o\000n}{section.8}% 68
\BOOKMARK [2][-]{subsection.8.4}{\376\377\000P\000a\000c\000k\000e\000t\000\040\000L\000o\000s\000s\000\040\000R\000e\000c\000o\000v\000e\000r\000y\000\040\000T\000i\000m\000e}{section.8}% 69
\BOOKMARK [2][-]{subsection.8.5}{\376\377\000B\000a\000n\000d\000w\000i\000d\000t\000h\000\040\000U\000t\000i\000l\000i\000z\000a\000t\000i\000o\000n}{section.8}% 70
\BOOKMARK [2][-]{subsection.8.6}{\376\377\000S\000c\000a\000l\000a\000b\000i\000l\000i\000t\000y\000\040\000A\000n\000a\000l\000y\000s\000i\000s}{section.8}% 71
\BOOKMARK [2][-]{subsection.8.7}{\376\377\000E\000n\000e\000r\000g\000y\000\040\000E\000f\000f\000i\000c\000i\000e\000n\000c\000y}{section.8}% 72
\BOOKMARK [2][-]{subsection.8.8}{\376\377\000Q\000u\000a\000l\000i\000t\000y\000\040\000o\000f\000\040\000S\000e\000r\000v\000i\000c\000e\000\040\000M\000e\000t\000r\000i\000c\000s}{section.8}% 73
\BOOKMARK [2][-]{subsection.8.9}{\376\377\000P\000e\000r\000f\000o\000r\000m\000a\000n\000c\000e\000\040\000S\000u\000m\000m\000a\000r\000y\000\040\000T\000a\000b\000l\000e}{section.8}% 74
\BOOKMARK [1][-]{section.9}{\376\377\000H\000a\000r\000d\000w\000a\000r\000e\000\040\000I\000m\000p\000l\000e\000m\000e\000n\000t\000a\000t\000i\000o\000n\000\040\000a\000n\000d\000\040\000S\000y\000s\000t\000e\000m\000\040\000A\000r\000c\000h\000i\000t\000e\000c\000t\000u\000r\000e}{}% 75
\BOOKMARK [2][-]{subsection.9.1}{\376\377\000S\000y\000s\000t\000e\000m\000\040\000O\000v\000e\000r\000v\000i\000e\000w}{section.9}% 76
\BOOKMARK [2][-]{subsection.9.2}{\376\377\000G\000P\000S\000-\000D\000i\000s\000c\000i\000p\000l\000i\000n\000e\000d\000\040\000O\000s\000c\000i\000l\000l\000a\000t\000o\000r\000\040\000I\000m\000p\000l\000e\000m\000e\000n\000t\000a\000t\000i\000o\000n}{section.9}% 77
\BOOKMARK [2][-]{subsection.9.3}{\376\377\000P\000r\000e\000c\000i\000s\000i\000o\000n\000\040\000T\000i\000m\000e\000r\000\040\000D\000e\000s\000i\000g\000n}{section.9}% 78
\BOOKMARK [2][-]{subsection.9.4}{\376\377\000V\000a\000r\000i\000a\000n\000c\000e\000\040\000C\000o\000m\000p\000u\000t\000a\000t\000i\000o\000n\000\040\000U\000n\000i\000t}{section.9}% 79
\BOOKMARK [2][-]{subsection.9.5}{\376\377\000P\000h\000a\000s\000e\000-\000L\000o\000c\000k\000\040\000L\000o\000o\000p\000\040\000C\000o\000n\000t\000r\000o\000l\000l\000e\000r}{section.9}% 80
\BOOKMARK [2][-]{subsection.9.6}{\376\377\000T\000e\000r\000n\000a\000r\000y\000\040\000S\000t\000a\000t\000e\000\040\000R\000e\000g\000i\000s\000t\000e\000r}{section.9}% 81
\BOOKMARK [2][-]{subsection.9.7}{\376\377\000N\000e\000t\000w\000o\000r\000k\000\040\000I\000n\000t\000e\000r\000f\000a\000c\000e\000\040\000C\000a\000r\000d\000\040\000I\000n\000t\000e\000g\000r\000a\000t\000i\000o\000n}{section.9}% 82
\BOOKMARK [2][-]{subsection.9.8}{\376\377\000P\000o\000w\000e\000r\000\040\000C\000o\000n\000s\000u\000m\000p\000t\000i\000o\000n\000\040\000A\000n\000a\000l\000y\000s\000i\000s}{section.9}% 83
\BOOKMARK [2][-]{subsection.9.9}{\376\377\000T\000h\000e\000r\000m\000a\000l\000\040\000M\000a\000n\000a\000g\000e\000m\000e\000n\000t}{section.9}% 84
\BOOKMARK [2][-]{subsection.9.10}{\376\377\000P\000C\000B\000\040\000L\000a\000y\000o\000u\000t\000\040\000C\000o\000n\000s\000i\000d\000e\000r\000a\000t\000i\000o\000n\000s}{section.9}% 85
\BOOKMARK [2][-]{subsection.9.11}{\376\377\000S\000o\000f\000t\000w\000a\000r\000e\000\040\000S\000t\000a\000c\000k}{section.9}% 86
\BOOKMARK [2][-]{subsection.9.12}{\376\377\000D\000e\000p\000l\000o\000y\000m\000e\000n\000t\000\040\000A\000r\000c\000h\000i\000t\000e\000c\000t\000u\000r\000e}{section.9}% 87
\BOOKMARK [1][-]{section.10}{\376\377\000E\000x\000p\000e\000r\000i\000m\000e\000n\000t\000a\000l\000\040\000V\000a\000l\000i\000d\000a\000t\000i\000o\000n\000\040\000a\000n\000d\000\040\000M\000e\000a\000s\000u\000r\000e\000m\000e\000n\000t\000\040\000P\000r\000o\000t\000o\000c\000o\000l\000s}{}% 88
\BOOKMARK [2][-]{subsection.10.1}{\376\377\000E\000x\000p\000e\000r\000i\000m\000e\000n\000t\000a\000l\000\040\000S\000e\000t\000u\000p}{section.10}% 89
\BOOKMARK [2][-]{subsection.10.2}{\376\377\000V\000a\000r\000i\000a\000n\000c\000e\000\040\000D\000e\000c\000a\000y\000\040\000M\000e\000a\000s\000u\000r\000e\000m\000e\000n\000t}{section.10}% 90
\BOOKMARK [2][-]{subsection.10.3}{\376\377\000M\000a\000x\000w\000e\000l\000l\000-\000B\000o\000l\000t\000z\000m\000a\000n\000n\000\040\000D\000i\000s\000t\000r\000i\000b\000u\000t\000i\000o\000n\000\040\000V\000e\000r\000i\000f\000i\000c\000a\000t\000i\000o\000n}{section.10}% 91
\BOOKMARK [2][-]{subsection.10.4}{\376\377\000T\000r\000a\000n\000s\000-\000P\000l\000a\000n\000c\000k\000i\000a\000n\000\040\000S\000t\000a\000t\000e\000\040\000C\000o\000n\000v\000e\000r\000g\000e\000n\000c\000e}{section.10}% 92
\BOOKMARK [2][-]{subsection.10.5}{\376\377\000T\000h\000r\000o\000u\000g\000h\000p\000u\000t\000\040\000M\000e\000a\000s\000u\000r\000e\000m\000e\000n\000t}{section.10}% 93
\BOOKMARK [2][-]{subsection.10.6}{\376\377\000J\000i\000t\000t\000e\000r\000\040\000M\000e\000a\000s\000u\000r\000e\000m\000e\000n\000t}{section.10}% 94
\BOOKMARK [2][-]{subsection.10.7}{\376\377\000P\000a\000c\000k\000e\000t\000\040\000L\000o\000s\000s\000\040\000R\000e\000c\000o\000v\000e\000r\000y\000\040\000T\000i\000m\000e}{section.10}% 95
\BOOKMARK [2][-]{subsection.10.8}{\376\377\000P\000h\000a\000s\000e\000\040\000C\000o\000h\000e\000r\000e\000n\000c\000e\000\040\000M\000e\000a\000s\000u\000r\000e\000m\000e\000n\000t}{section.10}% 96
\BOOKMARK [2][-]{subsection.10.9}{\376\377\000E\000n\000e\000r\000g\000y\000\040\000E\000f\000f\000i\000c\000i\000e\000n\000c\000y\000\040\000M\000e\000a\000s\000u\000r\000e\000m\000e\000n\000t}{section.10}% 97
\BOOKMARK [2][-]{subsection.10.10}{\376\377\000S\000c\000a\000l\000i\000n\000g\000\040\000V\000a\000l\000i\000d\000a\000t\000i\000o\000n}{section.10}% 98
\BOOKMARK [2][-]{subsection.10.11}{\376\377\000S\000t\000a\000t\000i\000s\000t\000i\000c\000a\000l\000\040\000S\000i\000g\000n\000i\000f\000i\000c\000a\000n\000c\000e\000\040\000S\000u\000m\000m\000a\000r\000y}{section.10}% 99
\BOOKMARK [1][-]{section.11}{\376\377\000T\000h\000e\000r\000m\000o\000d\000y\000n\000a\000m\000i\000c\000\040\000S\000e\000c\000u\000r\000i\000t\000y\000\040\000W\000i\000t\000h\000o\000u\000t\000\040\000C\000r\000y\000p\000t\000o\000g\000r\000a\000p\000h\000y}{}% 100
\BOOKMARK [2][-]{subsection.11.1}{\376\377\000S\000e\000c\000u\000r\000i\000t\000y\000\040\000f\000r\000o\000m\000\040\000t\000h\000e\000\040\000S\000e\000c\000o\000n\000d\000\040\000L\000a\000w}{section.11}% 101
\BOOKMARK [2][-]{subsection.11.2}{\376\377\000E\000n\000t\000r\000o\000p\000y\000\040\000I\000n\000j\000e\000c\000t\000i\000o\000n\000\040\000D\000e\000t\000e\000c\000t\000i\000o\000n}{section.11}% 102
\BOOKMARK [2][-]{subsection.11.3}{\376\377\000C\000o\000s\000t\000\040\000o\000f\000\040\000A\000t\000t\000a\000c\000k}{section.11}% 103
\BOOKMARK [2][-]{subsection.11.4}{\376\377\000C\000o\000m\000p\000a\000r\000i\000s\000o\000n\000\040\000w\000i\000t\000h\000\040\000C\000r\000y\000p\000t\000o\000g\000r\000a\000p\000h\000i\000c\000\040\000S\000e\000c\000u\000r\000i\000t\000y}{section.11}% 104
\BOOKMARK [2][-]{subsection.11.5}{\376\377\000A\000t\000t\000a\000c\000k\000\040\000D\000e\000t\000e\000c\000t\000i\000o\000n\000\040\000R\000e\000s\000p\000o\000n\000s\000e\000\040\000T\000i\000m\000e}{section.11}% 105
\BOOKMARK [2][-]{subsection.11.6}{\376\377\000B\000y\000z\000a\000n\000t\000i\000n\000e\000\040\000F\000a\000u\000l\000t\000\040\000T\000o\000l\000e\000r\000a\000n\000c\000e}{section.11}% 106
\BOOKMARK [2][-]{subsection.11.7}{\376\377\000D\000e\000n\000i\000a\000l\000\040\000o\000f\000\040\000S\000e\000r\000v\000i\000c\000e\000\040\000R\000e\000s\000i\000s\000t\000a\000n\000c\000e}{section.11}% 107
\BOOKMARK [2][-]{subsection.11.8}{\376\377\000M\000a\000n\000-\000i\000n\000-\000t\000h\000e\000-\000M\000i\000d\000d\000l\000e\000\040\000A\000t\000t\000a\000c\000k\000\040\000P\000r\000e\000v\000e\000n\000t\000i\000o\000n}{section.11}% 108
\BOOKMARK [2][-]{subsection.11.9}{\376\377\000S\000y\000b\000i\000l\000\040\000A\000t\000t\000a\000c\000k\000\040\000R\000e\000s\000i\000s\000t\000a\000n\000c\000e}{section.11}% 109
\BOOKMARK [2][-]{subsection.11.10}{\376\377\000Z\000e\000r\000o\000-\000K\000n\000o\000w\000l\000e\000d\000g\000e\000\040\000S\000e\000c\000u\000r\000i\000t\000y}{section.11}% 110
\BOOKMARK [2][-]{subsection.11.11}{\376\377\000E\000x\000p\000e\000r\000i\000m\000e\000n\000t\000a\000l\000\040\000S\000e\000c\000u\000r\000i\000t\000y\000\040\000V\000a\000l\000i\000d\000a\000t\000i\000o\000n}{section.11}% 111
\BOOKMARK [1][-]{section.12}{\376\377\000C\000o\000m\000p\000l\000e\000t\000e\000\040\000P\000r\000o\000t\000o\000c\000o\000l\000\040\000S\000p\000e\000c\000i\000f\000i\000c\000a\000t\000i\000o\000n}{}% 112
\BOOKMARK [2][-]{subsection.12.1}{\376\377\000P\000r\000o\000t\000o\000c\000o\000l\000\040\000O\000v\000e\000r\000v\000i\000e\000w}{section.12}% 113
\BOOKMARK [2][-]{subsection.12.2}{\376\377\000L\000a\000y\000e\000r\000\040\0001\000:\000\040\000A\000t\000o\000m\000i\000c\000\040\000C\000l\000o\000c\000k\000\040\000S\000y\000n\000c\000h\000r\000o\000n\000i\000z\000a\000t\000i\000o\000n}{section.12}% 114
\BOOKMARK [2][-]{subsection.12.3}{\376\377\000L\000a\000y\000e\000r\000\040\0002\000:\000\040\000V\000a\000r\000i\000a\000n\000c\000e\000\040\000R\000e\000s\000t\000o\000r\000a\000t\000i\000o\000n\000\040\000P\000r\000o\000t\000o\000c\000o\000l}{section.12}% 115
\BOOKMARK [2][-]{subsection.12.4}{\376\377\000L\000a\000y\000e\000r\000\040\0003\000:\000\040\000H\000i\000e\000r\000a\000r\000c\000h\000i\000c\000a\000l\000\040\000F\000r\000a\000g\000m\000e\000n\000t\000a\000t\000i\000o\000n\000\040\000P\000r\000o\000t\000o\000c\000o\000l}{section.12}% 116
\BOOKMARK [2][-]{subsection.12.5}{\376\377\000L\000a\000y\000e\000r\000\040\0004\000:\000\040\000T\000h\000e\000r\000m\000o\000d\000y\000n\000a\000m\000i\000c\000\040\000S\000e\000c\000u\000r\000i\000t\000y\000\040\000P\000r\000o\000t\000o\000c\000o\000l}{section.12}% 117
\BOOKMARK [2][-]{subsection.12.6}{\376\377\000C\000o\000m\000p\000l\000e\000t\000e\000\040\000P\000r\000o\000t\000o\000c\000o\000l\000\040\000S\000t\000a\000c\000k}{section.12}% 118
\BOOKMARK [2][-]{subsection.12.7}{\376\377\000P\000a\000c\000k\000e\000t\000\040\000F\000o\000r\000m\000a\000t\000\040\000S\000p\000e\000c\000i\000f\000i\000c\000a\000t\000i\000o\000n}{section.12}% 119
\BOOKMARK [2][-]{subsection.12.8}{\376\377\000R\000o\000u\000t\000i\000n\000g\000\040\000A\000l\000g\000o\000r\000i\000t\000h\000m}{section.12}% 120
\BOOKMARK [2][-]{subsection.12.9}{\376\377\000F\000r\000a\000g\000m\000e\000n\000t\000a\000t\000i\000o\000n\000\040\000a\000n\000d\000\040\000R\000e\000a\000s\000s\000e\000m\000b\000l\000y}{section.12}% 121
\BOOKMARK [2][-]{subsection.12.10}{\376\377\000S\000e\000c\000u\000r\000i\000t\000y\000\040\000M\000o\000n\000i\000t\000o\000r\000i\000n\000g\000\040\000I\000n\000t\000e\000g\000r\000a\000t\000i\000o\000n}{section.12}% 122
\BOOKMARK [2][-]{subsection.12.11}{\376\377\000P\000r\000o\000t\000o\000c\000o\000l\000\040\000S\000t\000a\000t\000e\000\040\000M\000a\000c\000h\000i\000n\000e}{section.12}% 123
\BOOKMARK [2][-]{subsection.12.12}{\376\377\000C\000o\000m\000p\000a\000t\000i\000b\000i\000l\000i\000t\000y\000\040\000a\000n\000d\000\040\000I\000n\000t\000e\000r\000o\000p\000e\000r\000a\000b\000i\000l\000i\000t\000y}{section.12}% 124
\BOOKMARK [1][-]{section.13}{\376\377\000D\000i\000s\000c\000u\000s\000s\000i\000o\000n}{}% 125
\BOOKMARK [2][-]{subsection.13.1}{\376\377\000R\000e\000s\000o\000l\000u\000t\000i\000o\000n\000\040\000o\000f\000\040\000F\000u\000n\000d\000a\000m\000e\000n\000t\000a\000l\000\040\000C\000o\000n\000t\000r\000a\000d\000i\000c\000t\000i\000o\000n\000s}{section.13}% 126
\BOOKMARK [3][-]{subsubsection.13.1.1}{\376\377\000T\000h\000e\000\040\000C\000A\000P\000\040\000T\000h\000e\000o\000r\000e\000m\000\040\000P\000a\000r\000a\000d\000o\000x}{subsection.13.1}% 127
\BOOKMARK [3][-]{subsubsection.13.1.2}{\376\377\000T\000h\000e\000\040\000B\000y\000z\000a\000n\000t\000i\000n\000e\000\040\000G\000e\000n\000e\000r\000a\000l\000s\000\040\000P\000r\000o\000b\000l\000e\000m}{subsection.13.1}% 128
\BOOKMARK [3][-]{subsubsection.13.1.3}{\376\377\000H\000e\000i\000s\000e\000n\000b\000e\000r\000g\000\040\000U\000n\000c\000e\000r\000t\000a\000i\000n\000t\000y\000\040\000f\000o\000r\000\040\000N\000e\000t\000w\000o\000r\000k\000s}{subsection.13.1}% 129
\BOOKMARK [2][-]{subsection.13.2}{\376\377\000C\000o\000m\000p\000a\000r\000i\000s\000o\000n\000\040\000w\000i\000t\000h\000\040\000E\000x\000i\000s\000t\000i\000n\000g\000\040\000N\000e\000t\000w\000o\000r\000k\000\040\000P\000r\000o\000t\000o\000c\000o\000l\000s}{section.13}% 130
\BOOKMARK [3][-]{subsubsection.13.2.1}{\376\377\000T\000C\000P\000/\000I\000P}{subsection.13.2}% 131
\BOOKMARK [3][-]{subsubsection.13.2.2}{\376\377\000G\000o\000o\000g\000l\000e\000\040\000S\000p\000a\000n\000n\000e\000r}{subsection.13.2}% 132
\BOOKMARK [3][-]{subsubsection.13.2.3}{\376\377\000N\000e\000t\000w\000o\000r\000k\000\040\000T\000i\000m\000e\000\040\000P\000r\000o\000t\000o\000c\000o\000l\000\040\000\050\000N\000T\000P\000\051}{subsection.13.2}% 133
\BOOKMARK [2][-]{subsection.13.3}{\376\377\000I\000m\000p\000l\000i\000c\000a\000t\000i\000o\000n\000s\000\040\000f\000o\000r\000\040\000N\000e\000t\000w\000o\000r\000k\000\040\000A\000r\000c\000h\000i\000t\000e\000c\000t\000u\000r\000e}{section.13}% 134
\BOOKMARK [3][-]{subsubsection.13.3.1}{\376\377\000D\000e\000a\000t\000h\000\040\000o\000f\000\040\000P\000a\000c\000k\000e\000t\000-\000B\000a\000s\000e\000d\000\040\000N\000e\000t\000w\000o\000r\000k\000i\000n\000g}{subsection.13.3}% 135
\BOOKMARK [3][-]{subsubsection.13.3.2}{\376\377\000H\000a\000r\000d\000w\000a\000r\000e\000\040\000I\000m\000p\000l\000i\000c\000a\000t\000i\000o\000n\000s}{subsection.13.3}% 136
\BOOKMARK [3][-]{subsubsection.13.3.3}{\376\377\000S\000o\000f\000t\000w\000a\000r\000e\000\040\000I\000m\000p\000l\000i\000c\000a\000t\000i\000o\000n\000s}{subsection.13.3}% 137
\BOOKMARK [2][-]{subsection.13.4}{\376\377\000S\000c\000a\000l\000i\000n\000g\000\040\000P\000r\000o\000p\000e\000r\000t\000i\000e\000s}{section.13}% 138
\BOOKMARK [3][-]{subsubsection.13.4.1}{\376\377\000N\000e\000t\000w\000o\000r\000k\000\040\000S\000i\000z\000e\000\040\000S\000c\000a\000l\000i\000n\000g}{subsection.13.4}% 139
\BOOKMARK [3][-]{subsubsection.13.4.2}{\376\377\000G\000e\000o\000g\000r\000a\000p\000h\000i\000c\000\040\000S\000c\000a\000l\000i\000n\000g}{subsection.13.4}% 140
\BOOKMARK [2][-]{subsection.13.5}{\376\377\000L\000i\000m\000i\000t\000a\000t\000i\000o\000n\000s\000\040\000a\000n\000d\000\040\000S\000y\000s\000t\000e\000m\000a\000t\000i\000c\000\040\000E\000f\000f\000e\000c\000t\000s}{section.13}% 141
\BOOKMARK [3][-]{subsubsection.13.5.1}{\376\377\000A\000t\000o\000m\000i\000c\000\040\000C\000l\000o\000c\000k\000\040\000A\000v\000a\000i\000l\000a\000b\000i\000l\000i\000t\000y}{subsection.13.5}% 142
\BOOKMARK [3][-]{subsubsection.13.5.2}{\376\377\000N\000e\000t\000w\000o\000r\000k\000\040\000H\000a\000r\000d\000w\000a\000r\000e\000\040\000C\000o\000m\000p\000a\000t\000i\000b\000i\000l\000i\000t\000y}{subsection.13.5}% 143
\BOOKMARK [3][-]{subsubsection.13.5.3}{\376\377\000I\000n\000t\000e\000g\000r\000a\000t\000i\000o\000n\000\040\000w\000i\000t\000h\000\040\000E\000x\000i\000s\000t\000i\000n\000g\000\040\000I\000n\000f\000r\000a\000s\000t\000r\000u\000c\000t\000u\000r\000e}{subsection.13.5}% 144
\BOOKMARK [3][-]{subsubsection.13.5.4}{\376\377\000E\000n\000e\000r\000g\000y\000\040\000C\000o\000n\000s\000i\000d\000e\000r\000a\000t\000i\000o\000n\000s}{subsection.13.5}% 145
\BOOKMARK [1][-]{section.14}{\376\377\000C\000o\000n\000c\000l\000u\000s\000i\000o\000n}{}% 146
