\BOOKMARK [1][-]{section.1}{\376\377\000I\000n\000t\000r\000o\000d\000u\000c\000t\000i\000o\000n}{}% 1
\BOOKMARK [2][-]{subsection.1.1}{\376\377\000M\000o\000t\000i\000v\000a\000t\000i\000o\000n\000:\000\040\000B\000e\000y\000o\000n\000d\000\040\000P\000h\000o\000t\000o\000n\000-\000B\000a\000s\000e\000d\000\040\000P\000o\000s\000i\000t\000i\000o\000n\000i\000n\000g}{section.1}% 2
\BOOKMARK [2][-]{subsection.1.2}{\376\377\000C\000a\000t\000e\000g\000o\000r\000i\000c\000a\000l\000\040\000P\000a\000r\000t\000i\000t\000i\000o\000n\000\040\000T\000h\000e\000o\000r\000y}{section.1}% 3
\BOOKMARK [2][-]{subsection.1.3}{\376\377\000T\000h\000e\000\040\000A\000t\000m\000o\000s\000p\000h\000e\000r\000e\000\040\000a\000s\000\040\000I\000n\000f\000o\000r\000m\000a\000t\000i\000o\000n\000\040\000M\000e\000d\000i\000u\000m}{section.1}% 4
\BOOKMARK [2][-]{subsection.1.4}{\376\377\000C\000o\000n\000t\000r\000i\000b\000u\000t\000i\000o\000n\000s}{section.1}% 5
\BOOKMARK [2][-]{subsection.1.5}{\376\377\000P\000a\000p\000e\000r\000\040\000O\000r\000g\000a\000n\000i\000z\000a\000t\000i\000o\000n}{section.1}% 6
\BOOKMARK [1][-]{section.2}{\376\377\000T\000h\000e\000o\000r\000e\000t\000i\000c\000a\000l\000\040\000F\000o\000u\000n\000d\000a\000t\000i\000o\000n\000s}{}% 7
\BOOKMARK [2][-]{subsection.2.1}{\376\377\000S\000t\000a\000t\000i\000s\000t\000i\000c\000a\000l\000\040\000M\000e\000c\000h\000a\000n\000i\000c\000s\000\040\000o\000f\000\040\000B\000o\000u\000n\000d\000e\000d\000\040\000S\000y\000s\000t\000e\000m\000s}{section.2}% 8
\BOOKMARK [2][-]{subsection.2.2}{\376\377\000S\000-\000E\000n\000t\000r\000o\000p\000y\000\040\000C\000o\000o\000r\000d\000i\000n\000a\000t\000e\000\040\000S\000y\000s\000t\000e\000m}{section.2}% 9
\BOOKMARK [2][-]{subsection.2.3}{\376\377\000C\000a\000t\000e\000g\000o\000r\000i\000c\000a\000l\000\040\000D\000i\000s\000t\000a\000n\000c\000e}{section.2}% 10
\BOOKMARK [2][-]{subsection.2.4}{\376\377\000P\000o\000s\000i\000t\000i\000o\000n\000-\000P\000a\000r\000t\000i\000t\000i\000o\000n\000\040\000B\000i\000j\000e\000c\000t\000i\000o\000n}{section.2}% 11
\BOOKMARK [1][-]{section.3}{\376\377\000V\000i\000r\000t\000u\000a\000l\000\040\000S\000a\000t\000e\000l\000l\000i\000t\000e\000\040\000C\000o\000n\000s\000t\000e\000l\000l\000a\000t\000i\000o\000n}{}% 12
\BOOKMARK [2][-]{subsection.3.1}{\376\377\000E\000a\000r\000t\000h\000\040\000a\000s\000\040\000P\000a\000r\000t\000i\000t\000i\000o\000n\000\040\000G\000e\000o\000m\000e\000t\000r\000y}{section.3}% 13
\BOOKMARK [2][-]{subsection.3.2}{\376\377\000O\000r\000b\000i\000t\000a\000l\000\040\000M\000e\000c\000h\000a\000n\000i\000c\000s\000\040\000a\000s\000\040\000P\000h\000a\000s\000e\000-\000L\000o\000c\000k\000\040\000E\000q\000u\000i\000l\000i\000b\000r\000i\000u\000m}{section.3}% 14
\BOOKMARK [2][-]{subsection.3.3}{\376\377\000C\000o\000n\000s\000t\000e\000l\000l\000a\000t\000i\000o\000n\000\040\000G\000e\000o\000m\000e\000t\000r\000y\000\040\000f\000r\000o\000m\000\040\000P\000a\000r\000t\000i\000t\000i\000o\000n\000\040\000S\000y\000m\000m\000e\000t\000r\000y}{section.3}% 15
\BOOKMARK [2][-]{subsection.3.4}{\376\377\000V\000i\000r\000t\000u\000a\000l\000\040\000S\000a\000t\000e\000l\000l\000i\000t\000e\000\040\000P\000o\000s\000i\000t\000i\000o\000n\000\040\000F\000o\000r\000m\000u\000l\000a}{section.3}% 16
\BOOKMARK [2][-]{subsection.3.5}{\376\377\000A\000r\000b\000i\000t\000r\000a\000r\000y\000\040\000C\000o\000n\000s\000t\000e\000l\000l\000a\000t\000i\000o\000n\000\040\000D\000e\000n\000s\000i\000t\000y}{section.3}% 17
\BOOKMARK [1][-]{section.4}{\376\377\000A\000t\000m\000o\000s\000p\000h\000e\000r\000i\000c\000\040\000P\000a\000r\000t\000i\000t\000i\000o\000n\000\040\000M\000e\000a\000s\000u\000r\000e\000m\000e\000n\000t}{}% 18
\BOOKMARK [2][-]{subsection.4.1}{\376\377\000F\000i\000v\000e\000-\000M\000o\000d\000a\000l\000\040\000V\000i\000r\000t\000u\000a\000l\000\040\000S\000p\000e\000c\000t\000r\000o\000s\000c\000o\000p\000y}{section.4}% 19
\BOOKMARK [3][-]{subsubsection.4.1.1}{\376\377\000M\000o\000d\000a\000l\000i\000t\000y\000\040\0001\000:\000\040\000V\000i\000b\000r\000a\000t\000i\000o\000n\000a\000l\000\040\000S\000p\000e\000c\000t\000r\000o\000s\000c\000o\000p\000y\000\040\000\050\000S\000k\000\040\000C\000o\000o\000r\000d\000i\000n\000a\000t\000e\000\051}{subsection.4.1}% 20
\BOOKMARK [3][-]{subsubsection.4.1.2}{\376\377\000M\000o\000d\000a\000l\000i\000t\000y\000\040\0002\000:\000\040\000R\000o\000t\000a\000t\000i\000o\000n\000a\000l\000\040\000S\000p\000e\000c\000t\000r\000o\000s\000c\000o\000p\000y\000\040\000\050\000\040\000C\000o\000o\000r\000d\000i\000n\000a\000t\000e\000\051}{subsection.4.1}% 21
\BOOKMARK [3][-]{subsubsection.4.1.3}{\376\377\000M\000o\000d\000a\000l\000i\000t\000y\000\040\0003\000:\000\040\000T\000r\000a\000n\000s\000l\000a\000t\000i\000o\000n\000a\000l\000\040\000V\000e\000l\000o\000c\000i\000t\000y\000\040\000D\000i\000s\000t\000r\000i\000b\000u\000t\000i\000o\000n\000\040\000\050\000S\000t\000\040\000C\000o\000o\000r\000d\000i\000n\000a\000t\000e\000\051}{subsection.4.1}% 22
\BOOKMARK [3][-]{subsubsection.4.1.4}{\376\377\000M\000o\000d\000a\000l\000i\000t\000y\000\040\0004\000:\000\040\000C\000o\000l\000l\000i\000s\000i\000o\000n\000\040\000C\000r\000o\000s\000s\000-\000S\000e\000c\000t\000i\000o\000n\000\040\000\050\000m\000\040\000C\000o\000o\000r\000d\000i\000n\000a\000t\000e\000\051}{subsection.4.1}% 23
\BOOKMARK [3][-]{subsubsection.4.1.5}{\376\377\000M\000o\000d\000a\000l\000i\000t\000y\000\040\0005\000:\000\040\000E\000n\000e\000r\000g\000y\000\040\000D\000i\000s\000t\000r\000i\000b\000u\000t\000i\000o\000n\000\040\000\050\000S\000e\000\040\000C\000o\000o\000r\000d\000i\000n\000a\000t\000e\000\051}{subsection.4.1}% 24
\BOOKMARK [2][-]{subsection.4.2}{\376\377\000S\000-\000E\000n\000t\000r\000o\000p\000y\000\040\000S\000y\000n\000t\000h\000e\000s\000i\000s}{section.4}% 25
\BOOKMARK [2][-]{subsection.4.3}{\376\377\000C\000a\000t\000e\000g\000o\000r\000i\000c\000a\000l\000\040\000M\000o\000r\000p\000h\000i\000s\000m\000\040\000f\000o\000r\000\040\000P\000a\000r\000t\000i\000t\000i\000o\000n\000\040\000A\000c\000c\000e\000s\000s}{section.4}% 26
\BOOKMARK [2][-]{subsection.4.4}{\376\377\000M\000e\000a\000s\000u\000r\000e\000m\000e\000n\000t\000\040\000U\000p\000d\000a\000t\000e\000\040\000R\000a\000t\000e}{section.4}% 27
\BOOKMARK [1][-]{section.5}{\376\377\000C\000a\000t\000e\000g\000o\000r\000i\000c\000a\000l\000\040\000T\000r\000i\000a\000n\000g\000u\000l\000a\000t\000i\000o\000n}{}% 28
\BOOKMARK [2][-]{subsection.5.1}{\376\377\000P\000a\000r\000t\000i\000t\000i\000o\000n\000\040\000S\000i\000g\000n\000a\000t\000u\000r\000e\000\040\000a\000s\000\040\000P\000o\000s\000i\000t\000i\000o\000n\000\040\000F\000i\000n\000g\000e\000r\000p\000r\000i\000n\000t}{section.5}% 29
\BOOKMARK [2][-]{subsection.5.2}{\376\377\000C\000a\000t\000e\000g\000o\000r\000i\000c\000a\000l\000\040\000T\000r\000i\000a\000n\000g\000u\000l\000a\000t\000i\000o\000n\000\040\000A\000l\000g\000o\000r\000i\000t\000h\000m}{section.5}% 30
\BOOKMARK [2][-]{subsection.5.3}{\376\377\000G\000D\000O\000P\000\040\000E\000l\000i\000m\000i\000n\000a\000t\000i\000o\000n}{section.5}% 31
\BOOKMARK [2][-]{subsection.5.4}{\376\377\000I\000n\000d\000o\000o\000r\000\040\000a\000n\000d\000\040\000O\000b\000s\000t\000r\000u\000c\000t\000e\000d\000\040\000P\000o\000s\000i\000t\000i\000o\000n\000i\000n\000g}{section.5}% 32
\BOOKMARK [1][-]{section.6}{\376\377\000I\000n\000v\000e\000r\000s\000e\000\040\000S\000-\000E\000n\000t\000r\000o\000p\000y\000\040\000M\000a\000p\000p\000i\000n\000g}{}% 33
\BOOKMARK [2][-]{subsection.6.1}{\376\377\000T\000h\000e\000\040\000I\000n\000v\000e\000r\000s\000e\000\040\000P\000r\000o\000b\000l\000e\000m}{section.6}% 34
\BOOKMARK [2][-]{subsection.6.2}{\376\377\000N\000e\000w\000t\000o\000n\000-\000R\000a\000p\000h\000s\000o\000n\000\040\000C\000o\000n\000s\000t\000r\000u\000c\000t\000i\000o\000n}{section.6}% 35
\BOOKMARK [2][-]{subsection.6.3}{\376\377\000J\000a\000c\000o\000b\000i\000a\000n\000\040\000C\000o\000m\000p\000u\000t\000a\000t\000i\000o\000n}{section.6}% 36
\BOOKMARK [1][-]{section.7}{\376\377\000C\000y\000n\000e\000S\000c\000r\000i\000p\000t\000\040\000D\000o\000m\000a\000i\000n\000-\000S\000p\000e\000c\000i\000f\000i\000c\000\040\000L\000a\000n\000g\000u\000a\000g\000e}{}% 37
\BOOKMARK [2][-]{subsection.7.1}{\376\377\000D\000e\000s\000i\000g\000n\000\040\000P\000h\000i\000l\000o\000s\000o\000p\000h\000y}{section.7}% 38
\BOOKMARK [2][-]{subsection.7.2}{\376\377\000C\000o\000r\000e\000\040\000S\000y\000n\000t\000a\000c\000t\000i\000c\000\040\000C\000a\000t\000e\000g\000o\000r\000i\000e\000s}{section.7}% 39
\BOOKMARK [3][-]{subsubsection.7.2.1}{\376\377\000S\000a\000t\000e\000l\000l\000i\000t\000e\000\040\000S\000t\000a\000t\000e\000m\000e\000n\000t\000s}{subsection.7.2}% 40
\BOOKMARK [3][-]{subsubsection.7.2.2}{\376\377\000A\000t\000m\000o\000s\000p\000h\000e\000r\000e\000\040\000S\000t\000a\000t\000e\000m\000e\000n\000t\000s}{subsection.7.2}% 41
\BOOKMARK [3][-]{subsubsection.7.2.3}{\376\377\000P\000o\000s\000i\000t\000i\000o\000n\000\040\000S\000t\000a\000t\000e\000m\000e\000n\000t\000s}{subsection.7.2}% 42
\BOOKMARK [3][-]{subsubsection.7.2.4}{\376\377\000V\000a\000l\000i\000d\000a\000t\000i\000o\000n\000\040\000S\000t\000a\000t\000e\000m\000e\000n\000t\000s}{subsection.7.2}% 43
\BOOKMARK [2][-]{subsection.7.3}{\376\377\000F\000o\000r\000m\000a\000l\000\040\000G\000r\000a\000m\000m\000a\000r}{section.7}% 44
\BOOKMARK [2][-]{subsection.7.4}{\376\377\000D\000i\000m\000e\000n\000s\000i\000o\000n\000a\000l\000\040\000T\000y\000p\000e\000\040\000S\000y\000s\000t\000e\000m}{section.7}% 45
\BOOKMARK [2][-]{subsection.7.5}{\376\377\000E\000x\000a\000m\000p\000l\000e\000\040\000P\000r\000o\000g\000r\000a\000m\000s}{section.7}% 46
\BOOKMARK [1][-]{section.8}{\376\377\000I\000m\000p\000l\000e\000m\000e\000n\000t\000a\000t\000i\000o\000n\000\040\000A\000r\000c\000h\000i\000t\000e\000c\000t\000u\000r\000e}{}% 47
\BOOKMARK [2][-]{subsection.8.1}{\376\377\000T\000h\000r\000e\000e\000-\000S\000t\000a\000g\000e\000\040\000P\000i\000p\000e\000l\000i\000n\000e}{section.8}% 48
\BOOKMARK [2][-]{subsection.8.2}{\376\377\000L\000e\000x\000e\000r\000\040\000I\000m\000p\000l\000e\000m\000e\000n\000t\000a\000t\000i\000o\000n}{section.8}% 49
\BOOKMARK [2][-]{subsection.8.3}{\376\377\000P\000a\000r\000s\000e\000r\000\040\000I\000m\000p\000l\000e\000m\000e\000n\000t\000a\000t\000i\000o\000n}{section.8}% 50
\BOOKMARK [2][-]{subsection.8.4}{\376\377\000R\000u\000n\000t\000i\000m\000e\000\040\000E\000n\000v\000i\000r\000o\000n\000m\000e\000n\000t}{section.8}% 51
\BOOKMARK [2][-]{subsection.8.5}{\376\377\000C\000o\000m\000p\000l\000e\000x\000i\000t\000y\000\040\000A\000n\000a\000l\000y\000s\000i\000s}{section.8}% 52
\BOOKMARK [1][-]{section.9}{\376\377\000E\000x\000p\000e\000r\000i\000m\000e\000n\000t\000a\000l\000\040\000V\000a\000l\000i\000d\000a\000t\000i\000o\000n}{}% 53
\BOOKMARK [2][-]{subsection.9.1}{\376\377\000O\000u\000t\000d\000o\000o\000r\000\040\000P\000o\000s\000i\000t\000i\000o\000n\000i\000n\000g\000\040\000V\000a\000l\000i\000d\000a\000t\000i\000o\000n}{section.9}% 54
\BOOKMARK [3][-]{subsubsection.9.1.1}{\376\377\000T\000e\000s\000t\000\040\000P\000r\000o\000t\000o\000c\000o\000l}{subsection.9.1}% 55
\BOOKMARK [3][-]{subsubsection.9.1.2}{\376\377\000R\000e\000s\000u\000l\000t\000s}{subsection.9.1}% 56
\BOOKMARK [2][-]{subsection.9.2}{\376\377\000I\000n\000d\000o\000o\000r\000\040\000P\000o\000s\000i\000t\000i\000o\000n\000i\000n\000g\000\040\000V\000a\000l\000i\000d\000a\000t\000i\000o\000n}{section.9}% 57
\BOOKMARK [2][-]{subsection.9.3}{\376\377\000D\000y\000n\000a\000m\000i\000c\000\040\000T\000r\000a\000c\000k\000i\000n\000g\000\040\000V\000a\000l\000i\000d\000a\000t\000i\000o\000n}{section.9}% 58
\BOOKMARK [2][-]{subsection.9.4}{\376\377\000C\000o\000m\000p\000u\000t\000a\000t\000i\000o\000n\000a\000l\000\040\000P\000e\000r\000f\000o\000r\000m\000a\000n\000c\000e}{section.9}% 59
\BOOKMARK [2][-]{subsection.9.5}{\376\377\000S\000t\000a\000t\000i\000s\000t\000i\000c\000a\000l\000\040\000S\000i\000g\000n\000i\000f\000i\000c\000a\000n\000c\000e}{section.9}% 60
\BOOKMARK [1][-]{section.10}{\376\377\000R\000e\000l\000a\000t\000e\000d\000\040\000W\000o\000r\000k}{}% 61
\BOOKMARK [2][-]{subsection.10.1}{\376\377\000G\000P\000S\000\040\000a\000n\000d\000\040\000S\000a\000t\000e\000l\000l\000i\000t\000e\000\040\000N\000a\000v\000i\000g\000a\000t\000i\000o\000n}{section.10}% 62
\BOOKMARK [2][-]{subsection.10.2}{\376\377\000A\000l\000t\000e\000r\000n\000a\000t\000i\000v\000e\000\040\000P\000o\000s\000i\000t\000i\000o\000n\000i\000n\000g\000\040\000T\000e\000c\000h\000n\000o\000l\000o\000g\000i\000e\000s}{section.10}% 63
\BOOKMARK [2][-]{subsection.10.3}{\376\377\000A\000t\000m\000o\000s\000p\000h\000e\000r\000i\000c\000\040\000R\000e\000m\000o\000t\000e\000\040\000S\000e\000n\000s\000i\000n\000g}{section.10}% 64
\BOOKMARK [2][-]{subsection.10.4}{\376\377\000C\000a\000t\000e\000g\000o\000r\000y\000\040\000T\000h\000e\000o\000r\000y\000\040\000i\000n\000\040\000P\000h\000y\000s\000i\000c\000s}{section.10}% 65
\BOOKMARK [1][-]{section.11}{\376\377\000C\000o\000n\000c\000l\000u\000s\000i\000o\000n}{}% 66
