\BOOKMARK [1][-]{section.1}{\376\377\000I\000n\000t\000r\000o\000d\000u\000c\000t\000i\000o\000n}{}% 1
\BOOKMARK [2][-]{subsection.1.1}{\376\377\000M\000o\000t\000i\000v\000a\000t\000i\000o\000n\000\040\000a\000n\000d\000\040\000B\000a\000c\000k\000g\000r\000o\000u\000n\000d}{section.1}% 2
\BOOKMARK [2][-]{subsection.1.2}{\376\377\000D\000o\000m\000a\000i\000n\000-\000S\000p\000e\000c\000i\000f\000i\000c\000\040\000L\000a\000n\000g\000u\000a\000g\000e\000s}{section.1}% 3
\BOOKMARK [2][-]{subsection.1.3}{\376\377\000C\000o\000n\000t\000r\000i\000b\000u\000t\000i\000o\000n\000s}{section.1}% 4
\BOOKMARK [2][-]{subsection.1.4}{\376\377\000P\000a\000p\000e\000r\000\040\000O\000r\000g\000a\000n\000i\000z\000a\000t\000i\000o\000n}{section.1}% 5
\BOOKMARK [1][-]{section.2}{\376\377\000T\000h\000e\000o\000r\000e\000t\000i\000c\000a\000l\000\040\000F\000o\000u\000n\000d\000a\000t\000i\000o\000n}{}% 6
\BOOKMARK [2][-]{subsection.2.1}{\376\377\000C\000a\000t\000e\000g\000o\000r\000i\000c\000a\000l\000\040\000S\000t\000a\000t\000e\000\040\000C\000o\000u\000n\000t\000i\000n\000g}{section.2}% 7
\BOOKMARK [2][-]{subsection.2.2}{\376\377\000T\000r\000i\000p\000l\000e\000\040\000E\000q\000u\000i\000v\000a\000l\000e\000n\000c\000e\000\040\000T\000h\000e\000o\000r\000e\000m}{section.2}% 8
\BOOKMARK [2][-]{subsection.2.3}{\376\377\000E\000n\000h\000a\000n\000c\000e\000m\000e\000n\000t\000\040\000M\000e\000c\000h\000a\000n\000i\000s\000m\000s}{section.2}% 9
\BOOKMARK [3][-]{subsubsection.2.3.1}{\376\377\000T\000e\000r\000n\000a\000r\000y\000\040\000L\000o\000g\000i\000c\000\040\000E\000n\000h\000a\000n\000c\000e\000m\000e\000n\000t}{subsection.2.3}% 10
\BOOKMARK [3][-]{subsubsection.2.3.2}{\376\377\000M\000u\000l\000t\000i\000-\000M\000o\000d\000a\000l\000\040\000E\000n\000h\000a\000n\000c\000e\000m\000e\000n\000t}{subsection.2.3}% 11
\BOOKMARK [3][-]{subsubsection.2.3.3}{\376\377\000H\000a\000r\000m\000o\000n\000i\000c\000\040\000H\000i\000e\000r\000a\000r\000c\000h\000y\000\040\000E\000n\000h\000a\000n\000c\000e\000m\000e\000n\000t}{subsection.2.3}% 12
\BOOKMARK [3][-]{subsubsection.2.3.4}{\376\377\000P\000o\000i\000n\000c\000a\000r\000\351\000\040\000R\000e\000c\000u\000r\000r\000e\000n\000c\000e\000\040\000E\000n\000h\000a\000n\000c\000e\000m\000e\000n\000t}{subsection.2.3}% 13
\BOOKMARK [3][-]{subsubsection.2.3.5}{\376\377\000C\000o\000n\000t\000i\000n\000u\000o\000u\000s\000\040\000R\000e\000f\000i\000n\000e\000m\000e\000n\000t\000\040\000E\000n\000h\000a\000n\000c\000e\000m\000e\000n\000t}{subsection.2.3}% 14
\BOOKMARK [3][-]{subsubsection.2.3.6}{\376\377\000T\000o\000t\000a\000l\000\040\000E\000n\000h\000a\000n\000c\000e\000m\000e\000n\000t}{subsection.2.3}% 15
\BOOKMARK [2][-]{subsection.2.4}{\376\377\000T\000e\000m\000p\000o\000r\000a\000l\000\040\000R\000e\000s\000o\000l\000u\000t\000i\000o\000n\000\040\000F\000o\000r\000m\000u\000l\000a}{section.2}% 16
\BOOKMARK [1][-]{section.3}{\376\377\000L\000a\000n\000g\000u\000a\000g\000e\000\040\000D\000e\000s\000i\000g\000n}{}% 17
\BOOKMARK [2][-]{subsection.3.1}{\376\377\000D\000e\000s\000i\000g\000n\000\040\000P\000h\000i\000l\000o\000s\000o\000p\000h\000y}{section.3}% 18
\BOOKMARK [2][-]{subsection.3.2}{\376\377\000S\000y\000n\000t\000a\000c\000t\000i\000c\000\040\000C\000a\000t\000e\000g\000o\000r\000i\000e\000s}{section.3}% 19
\BOOKMARK [3][-]{subsubsection.3.2.1}{\376\377\000R\000e\000s\000o\000l\000u\000t\000i\000o\000n\000\040\000S\000t\000a\000t\000e\000m\000e\000n\000t\000s}{subsection.3.2}% 20
\BOOKMARK [3][-]{subsubsection.3.2.2}{\376\377\000E\000n\000t\000r\000o\000p\000y\000\040\000S\000t\000a\000t\000e\000m\000e\000n\000t\000s}{subsection.3.2}% 21
\BOOKMARK [3][-]{subsubsection.3.2.3}{\376\377\000E\000n\000h\000a\000n\000c\000e\000m\000e\000n\000t\000\040\000S\000t\000a\000t\000e\000m\000e\000n\000t\000s}{subsection.3.2}% 22
\BOOKMARK [3][-]{subsubsection.3.2.4}{\376\377\000T\000e\000m\000p\000e\000r\000a\000t\000u\000r\000e\000\040\000S\000t\000a\000t\000e\000m\000e\000n\000t\000s}{subsection.3.2}% 23
\BOOKMARK [3][-]{subsubsection.3.2.5}{\376\377\000S\000p\000e\000c\000t\000r\000u\000m\000\040\000S\000t\000a\000t\000e\000m\000e\000n\000t\000s}{subsection.3.2}% 24
\BOOKMARK [3][-]{subsubsection.3.2.6}{\376\377\000M\000e\000m\000o\000r\000y\000\040\000S\000t\000a\000t\000e\000m\000e\000n\000t\000s}{subsection.3.2}% 25
\BOOKMARK [3][-]{subsubsection.3.2.7}{\376\377\000D\000e\000m\000o\000n\000\040\000S\000t\000a\000t\000e\000m\000e\000n\000t\000s}{subsection.3.2}% 26
\BOOKMARK [3][-]{subsubsection.3.2.8}{\376\377\000T\000r\000i\000p\000l\000e\000\040\000E\000q\000u\000i\000v\000a\000l\000e\000n\000c\000e\000\040\000C\000o\000n\000t\000r\000o\000l\000l\000e\000r}{subsection.3.2}% 27
\BOOKMARK [2][-]{subsection.3.3}{\376\377\000L\000e\000x\000i\000c\000a\000l\000\040\000S\000t\000r\000u\000c\000t\000u\000r\000e}{section.3}% 28
\BOOKMARK [3][-]{subsubsection.3.3.1}{\376\377\000T\000o\000k\000e\000n\000\040\000C\000a\000t\000e\000g\000o\000r\000i\000e\000s}{subsection.3.3}% 29
\BOOKMARK [3][-]{subsubsection.3.3.2}{\376\377\000W\000h\000i\000t\000e\000s\000p\000a\000c\000e\000\040\000a\000n\000d\000\040\000C\000o\000m\000m\000e\000n\000t\000s}{subsection.3.3}% 30
\BOOKMARK [3][-]{subsubsection.3.3.3}{\376\377\000N\000u\000m\000e\000r\000i\000c\000\040\000L\000i\000t\000e\000r\000a\000l\000s}{subsection.3.3}% 31
\BOOKMARK [1][-]{section.4}{\376\377\000F\000o\000r\000m\000a\000l\000\040\000G\000r\000a\000m\000m\000a\000r}{}% 32
\BOOKMARK [2][-]{subsection.4.1}{\376\377\000C\000o\000n\000t\000e\000x\000t\000-\000F\000r\000e\000e\000\040\000G\000r\000a\000m\000m\000a\000r}{section.4}% 33
\BOOKMARK [2][-]{subsection.4.2}{\376\377\000G\000r\000a\000m\000m\000a\000r\000\040\000P\000r\000o\000p\000e\000r\000t\000i\000e\000s}{section.4}% 34
\BOOKMARK [2][-]{subsection.4.3}{\376\377\000A\000b\000s\000t\000r\000a\000c\000t\000\040\000S\000y\000n\000t\000a\000x\000\040\000T\000r\000e\000e}{section.4}% 35
\BOOKMARK [1][-]{section.5}{\376\377\000D\000i\000m\000e\000n\000s\000i\000o\000n\000a\000l\000\040\000T\000y\000p\000e\000\040\000S\000y\000s\000t\000e\000m}{}% 36
\BOOKMARK [2][-]{subsection.5.1}{\376\377\000P\000h\000y\000s\000i\000c\000a\000l\000\040\000D\000i\000m\000e\000n\000s\000i\000o\000n\000s}{section.5}% 37
\BOOKMARK [2][-]{subsection.5.2}{\376\377\000T\000y\000p\000e\000\040\000R\000u\000l\000e\000s}{section.5}% 38
\BOOKMARK [2][-]{subsection.5.3}{\376\377\000S\000t\000a\000t\000e\000m\000e\000n\000t\000\040\000T\000y\000p\000e\000\040\000C\000o\000n\000s\000t\000r\000a\000i\000n\000t\000s}{section.5}% 39
\BOOKMARK [3][-]{subsubsection.5.3.1}{\376\377\000M\000e\000m\000o\000r\000y\000\040\000S\000t\000a\000t\000e\000m\000e\000n\000t\000\040\000T\000y\000p\000e\000s}{subsection.5.3}% 40
\BOOKMARK [3][-]{subsubsection.5.3.2}{\376\377\000D\000e\000m\000o\000n\000\040\000S\000t\000a\000t\000e\000m\000e\000n\000t\000\040\000T\000y\000p\000e\000s}{subsection.5.3}% 41
\BOOKMARK [3][-]{subsubsection.5.3.3}{\376\377\000C\000o\000n\000t\000r\000o\000l\000l\000e\000r\000\040\000S\000t\000a\000t\000e\000m\000e\000n\000t\000\040\000T\000y\000p\000e\000s}{subsection.5.3}% 42
\BOOKMARK [2][-]{subsection.5.4}{\376\377\000U\000n\000i\000t\000\040\000C\000o\000n\000v\000e\000r\000s\000i\000o\000n}{section.5}% 43
\BOOKMARK [1][-]{section.6}{\376\377\000I\000m\000p\000l\000e\000m\000e\000n\000t\000a\000t\000i\000o\000n\000\040\000A\000r\000c\000h\000i\000t\000e\000c\000t\000u\000r\000e}{}% 44
\BOOKMARK [2][-]{subsection.6.1}{\376\377\000T\000h\000r\000e\000e\000-\000S\000t\000a\000g\000e\000\040\000P\000i\000p\000e\000l\000i\000n\000e}{section.6}% 45
\BOOKMARK [2][-]{subsection.6.2}{\376\377\000L\000e\000x\000e\000r\000\040\000I\000m\000p\000l\000e\000m\000e\000n\000t\000a\000t\000i\000o\000n}{section.6}% 46
\BOOKMARK [2][-]{subsection.6.3}{\376\377\000P\000a\000r\000s\000e\000r\000\040\000I\000m\000p\000l\000e\000m\000e\000n\000t\000a\000t\000i\000o\000n}{section.6}% 47
\BOOKMARK [2][-]{subsection.6.4}{\376\377\000R\000u\000n\000t\000i\000m\000e\000\040\000E\000n\000v\000i\000r\000o\000n\000m\000e\000n\000t}{section.6}% 48
\BOOKMARK [2][-]{subsection.6.5}{\376\377\000E\000n\000h\000a\000n\000c\000e\000m\000e\000n\000t\000\040\000C\000h\000a\000i\000n\000\040\000M\000a\000n\000a\000g\000e\000r}{section.6}% 49
\BOOKMARK [2][-]{subsection.6.6}{\376\377\000N\000u\000m\000e\000r\000i\000c\000a\000l\000\040\000P\000r\000e\000c\000i\000s\000i\000o\000n}{section.6}% 50
\BOOKMARK [1][-]{section.7}{\376\377\000O\000p\000e\000r\000a\000t\000i\000o\000n\000a\000l\000\040\000a\000n\000d\000\040\000D\000e\000n\000o\000t\000a\000t\000i\000o\000n\000a\000l\000\040\000S\000e\000m\000a\000n\000t\000i\000c\000s}{}% 51
\BOOKMARK [2][-]{subsection.7.1}{\376\377\000O\000p\000e\000r\000a\000t\000i\000o\000n\000a\000l\000\040\000S\000e\000m\000a\000n\000t\000i\000c\000s}{section.7}% 52
\BOOKMARK [2][-]{subsection.7.2}{\376\377\000D\000e\000n\000o\000t\000a\000t\000i\000o\000n\000a\000l\000\040\000S\000e\000m\000a\000n\000t\000i\000c\000s}{section.7}% 53
\BOOKMARK [2][-]{subsection.7.3}{\376\377\000C\000o\000r\000r\000e\000c\000t\000n\000e\000s\000s\000\040\000T\000h\000e\000o\000r\000e\000m\000s}{section.7}% 54
\BOOKMARK [1][-]{section.8}{\376\377\000C\000o\000m\000p\000l\000e\000x\000i\000t\000y\000\040\000A\000n\000a\000l\000y\000s\000i\000s}{}% 55
\BOOKMARK [2][-]{subsection.8.1}{\376\377\000L\000e\000x\000i\000c\000a\000l\000\040\000A\000n\000a\000l\000y\000s\000i\000s}{section.8}% 56
\BOOKMARK [2][-]{subsection.8.2}{\376\377\000P\000a\000r\000s\000i\000n\000g}{section.8}% 57
\BOOKMARK [2][-]{subsection.8.3}{\376\377\000R\000u\000n\000t\000i\000m\000e\000\040\000E\000v\000a\000l\000u\000a\000t\000i\000o\000n}{section.8}% 58
\BOOKMARK [1][-]{section.9}{\376\377\000C\000o\000m\000p\000r\000e\000h\000e\000n\000s\000i\000v\000e\000\040\000E\000x\000a\000m\000p\000l\000e\000s}{}% 59
\BOOKMARK [2][-]{subsection.9.1}{\376\377\000B\000a\000s\000i\000c\000\040\000T\000e\000m\000p\000o\000r\000a\000l\000\040\000R\000e\000s\000o\000l\000u\000t\000i\000o\000n}{section.9}% 60
\BOOKMARK [2][-]{subsection.9.2}{\376\377\000E\000n\000h\000a\000n\000c\000e\000m\000e\000n\000t\000\040\000C\000o\000n\000f\000i\000g\000u\000r\000a\000t\000i\000o\000n}{section.9}% 61
\BOOKMARK [2][-]{subsection.9.3}{\376\377\000E\000n\000t\000r\000o\000p\000y\000\040\000C\000a\000l\000c\000u\000l\000a\000t\000i\000o\000n\000s}{section.9}% 62
\BOOKMARK [2][-]{subsection.9.4}{\376\377\000M\000u\000l\000t\000i\000-\000S\000c\000a\000l\000e\000\040\000A\000n\000a\000l\000y\000s\000i\000s}{section.9}% 63
\BOOKMARK [2][-]{subsection.9.5}{\376\377\000S\000p\000e\000c\000t\000r\000o\000s\000c\000o\000p\000i\000c\000\040\000V\000a\000l\000i\000d\000a\000t\000i\000o\000n}{section.9}% 64
\BOOKMARK [2][-]{subsection.9.6}{\376\377\000T\000e\000m\000p\000e\000r\000a\000t\000u\000r\000e\000\040\000E\000v\000o\000l\000u\000t\000i\000o\000n}{section.9}% 65
\BOOKMARK [2][-]{subsection.9.7}{\376\377\000V\000a\000r\000i\000a\000b\000l\000e\000\040\000A\000s\000s\000i\000g\000n\000m\000e\000n\000t\000\040\000a\000n\000d\000\040\000R\000e\000u\000s\000e}{section.9}% 66
\BOOKMARK [2][-]{subsection.9.8}{\376\377\000V\000a\000l\000i\000d\000a\000t\000i\000o\000n\000\040\000S\000u\000i\000t\000e}{section.9}% 67
\BOOKMARK [2][-]{subsection.9.9}{\376\377\000C\000a\000t\000e\000g\000o\000r\000i\000c\000a\000l\000\040\000M\000e\000m\000o\000r\000y\000\040\000O\000p\000e\000r\000a\000t\000i\000o\000n\000s}{section.9}% 68
\BOOKMARK [2][-]{subsection.9.10}{\376\377\000M\000a\000x\000w\000e\000l\000l\000\040\000D\000e\000m\000o\000n\000\040\000C\000o\000n\000t\000r\000o\000l\000l\000e\000r}{section.9}% 69
\BOOKMARK [2][-]{subsection.9.11}{\376\377\000T\000r\000i\000p\000l\000e\000\040\000E\000q\000u\000i\000v\000a\000l\000e\000n\000c\000e\000\040\000C\000o\000n\000t\000r\000o\000l\000l\000e\000r}{section.9}% 70
\BOOKMARK [1][-]{section.10}{\376\377\000V\000a\000l\000i\000d\000a\000t\000i\000o\000n\000\040\000A\000g\000a\000i\000n\000s\000t\000\040\000R\000e\000f\000e\000r\000e\000n\000c\000e\000\040\000I\000m\000p\000l\000e\000m\000e\000n\000t\000a\000t\000i\000o\000n\000s}{}% 71
\BOOKMARK [2][-]{subsection.10.1}{\376\377\000N\000u\000m\000e\000r\000i\000c\000a\000l\000\040\000A\000c\000c\000u\000r\000a\000c\000y}{section.10}% 72
\BOOKMARK [2][-]{subsection.10.2}{\376\377\000S\000p\000e\000c\000t\000r\000o\000s\000c\000o\000p\000i\000c\000\040\000V\000a\000l\000i\000d\000a\000t\000i\000o\000n}{section.10}% 73
\BOOKMARK [2][-]{subsection.10.3}{\376\377\000E\000n\000h\000a\000n\000c\000e\000m\000e\000n\000t\000\040\000C\000h\000a\000i\000n\000\040\000V\000e\000r\000i\000f\000i\000c\000a\000t\000i\000o\000n}{section.10}% 74
\BOOKMARK [1][-]{section.11}{\376\377\000A\000p\000p\000l\000i\000c\000a\000t\000i\000o\000n\000s}{}% 75
\BOOKMARK [2][-]{subsection.11.1}{\376\377\000E\000d\000u\000c\000a\000t\000i\000o\000n\000a\000l\000\040\000A\000p\000p\000l\000i\000c\000a\000t\000i\000o\000n\000s}{section.11}% 76
\BOOKMARK [2][-]{subsection.11.2}{\376\377\000R\000e\000s\000e\000a\000r\000c\000h\000\040\000A\000p\000p\000l\000i\000c\000a\000t\000i\000o\000n\000s}{section.11}% 77
\BOOKMARK [2][-]{subsection.11.3}{\376\377\000S\000p\000e\000c\000t\000r\000o\000s\000c\000o\000p\000i\000c\000\040\000A\000n\000a\000l\000y\000s\000i\000s}{section.11}% 78
\BOOKMARK [2][-]{subsection.11.4}{\376\377\000I\000n\000t\000e\000g\000r\000a\000t\000i\000o\000n\000\040\000w\000i\000t\000h\000\040\000E\000x\000t\000e\000r\000n\000a\000l\000\040\000T\000o\000o\000l\000s}{section.11}% 79
\BOOKMARK [1][-]{section.12}{\376\377\000I\000n\000t\000e\000r\000a\000c\000t\000i\000v\000e\000\040\000E\000n\000v\000i\000r\000o\000n\000m\000e\000n\000t}{}% 80
\BOOKMARK [2][-]{subsection.12.1}{\376\377\000R\000e\000a\000d\000-\000E\000v\000a\000l\000-\000P\000r\000i\000n\000t\000\040\000L\000o\000o\000p}{section.12}% 81
\BOOKMARK [2][-]{subsection.12.2}{\376\377\000S\000c\000r\000i\000p\000t\000\040\000E\000x\000e\000c\000u\000t\000i\000o\000n}{section.12}% 82
\BOOKMARK [2][-]{subsection.12.3}{\376\377\000E\000r\000r\000o\000r\000\040\000M\000e\000s\000s\000a\000g\000e\000s}{section.12}% 83
\BOOKMARK [1][-]{section.13}{\376\377\000C\000o\000m\000p\000a\000r\000i\000s\000o\000n\000\040\000w\000i\000t\000h\000\040\000A\000l\000t\000e\000r\000n\000a\000t\000i\000v\000e\000s}{}% 84
\BOOKMARK [2][-]{subsection.13.1}{\376\377\000G\000e\000n\000e\000r\000a\000l\000-\000P\000u\000r\000p\000o\000s\000e\000\040\000L\000a\000n\000g\000u\000a\000g\000e\000s}{section.13}% 85
\BOOKMARK [2][-]{subsection.13.2}{\376\377\000O\000t\000h\000e\000r\000\040\000P\000h\000y\000s\000i\000c\000s\000\040\000D\000S\000L\000s}{section.13}% 86
\BOOKMARK [1][-]{section.14}{\376\377\000F\000u\000t\000u\000r\000e\000\040\000D\000i\000r\000e\000c\000t\000i\000o\000n\000s}{}% 87
\BOOKMARK [2][-]{subsection.14.1}{\376\377\000L\000a\000n\000g\000u\000a\000g\000e\000\040\000E\000x\000t\000e\000n\000s\000i\000o\000n\000s}{section.14}% 88
\BOOKMARK [2][-]{subsection.14.2}{\376\377\000V\000i\000s\000u\000a\000l\000i\000z\000a\000t\000i\000o\000n}{section.14}% 89
\BOOKMARK [2][-]{subsection.14.3}{\376\377\000C\000o\000m\000p\000i\000l\000a\000t\000i\000o\000n}{section.14}% 90
\BOOKMARK [2][-]{subsection.14.4}{\376\377\000I\000D\000E\000\040\000I\000n\000t\000e\000g\000r\000a\000t\000i\000o\000n}{section.14}% 91
\BOOKMARK [1][-]{section.15}{\376\377\000C\000o\000n\000c\000l\000u\000s\000i\000o\000n}{}% 92
\BOOKMARK [1][-]{appendix.A}{\376\377\000C\000o\000m\000p\000l\000e\000t\000e\000\040\000G\000r\000a\000m\000m\000a\000r\000\040\000R\000e\000f\000e\000r\000e\000n\000c\000e}{}% 93
\BOOKMARK [1][-]{appendix.B}{\376\377\000T\000o\000k\000e\000n\000\040\000R\000e\000f\000e\000r\000e\000n\000c\000e}{}% 94
\BOOKMARK [1][-]{appendix.C}{\376\377\000P\000h\000y\000s\000i\000c\000a\000l\000\040\000C\000o\000n\000s\000t\000a\000n\000t\000s}{}% 95
\BOOKMARK [1][-]{appendix.D}{\376\377\000R\000e\000f\000e\000r\000e\000n\000c\000e\000\040\000S\000p\000e\000c\000t\000r\000a\000\040\000D\000a\000t\000a\000b\000a\000s\000e}{}% 96
